sucessfully load word dictionary with shape24589
sucessfully load word dictionary with shape24589
==> Loading Network structure..

==> Loading cuda...


Epoch: 0
batch 0 of total batch 200 Loss: 1.634 | Acc: 0.000% (0/1)
batch 1 of total batch 200 Loss: 1.783 | Acc: 0.000% (0/2)
batch 2 of total batch 200 Loss: 1.469 | Acc: 33.333% (1/3)
batch 3 of total batch 200 Loss: 1.818 | Acc: 25.000% (1/4)
batch 4 of total batch 200 Loss: 1.737 | Acc: 20.000% (1/5)
batch 5 of total batch 200 Loss: 1.624 | Acc: 16.667% (1/6)
batch 6 of total batch 200 Loss: 1.539 | Acc: 14.286% (1/7)
batch 7 of total batch 200 Loss: 1.518 | Acc: 12.500% (1/8)
batch 8 of total batch 200 Loss: 1.410 | Acc: 22.222% (2/9)
batch 9 of total batch 200 Loss: 1.400 | Acc: 20.000% (2/10)
batch 10 of total batch 200 Loss: 1.350 | Acc: 18.182% (2/11)
batch 11 of total batch 200 Loss: 1.300 | Acc: 16.667% (2/12)
batch 12 of total batch 200 Loss: 1.325 | Acc: 15.385% (2/13)
batch 13 of total batch 200 Loss: 1.259 | Acc: 21.429% (3/14)
batch 14 of total batch 200 Loss: 1.197 | Acc: 26.667% (4/15)
batch 15 of total batch 200 Loss: 1.249 | Acc: 25.000% (4/16)
batch 16 of total batch 200 Loss: 1.204 | Acc: 29.412% (5/17)
batch 17 of total batch 200 Loss: 1.173 | Acc: 33.333% (6/18)
batch 18 of total batch 200 Loss: 1.187 | Acc: 31.579% (6/19)
batch 19 of total batch 200 Loss: 1.161 | Acc: 35.000% (7/20)
batch 20 of total batch 200 Loss: 1.147 | Acc: 33.333% (7/21)
batch 21 of total batch 200 Loss: 1.153 | Acc: 31.818% (7/22)
batch 22 of total batch 200 Loss: 1.454 | Acc: 30.435% (7/23)
batch 23 of total batch 200 Loss: 1.410 | Acc: 33.333% (8/24)
batch 24 of total batch 200 Loss: 1.359 | Acc: 36.000% (9/25)
batch 25 of total batch 200 Loss: 1.312 | Acc: 38.462% (10/26)
batch 26 of total batch 200 Loss: 1.439 | Acc: 37.037% (10/27)
batch 27 of total batch 200 Loss: 1.534 | Acc: 35.714% (10/28)
batch 28 of total batch 200 Loss: 1.514 | Acc: 34.483% (10/29)
batch 29 of total batch 200 Loss: 1.524 | Acc: 33.333% (10/30)
batch 30 of total batch 200 Loss: 1.623 | Acc: 32.258% (10/31)
batch 31 of total batch 200 Loss: 1.628 | Acc: 31.250% (10/32)
batch 32 of total batch 200 Loss: 1.633 | Acc: 30.303% (10/33)
batch 33 of total batch 200 Loss: 1.618 | Acc: 32.353% (11/34)
batch 34 of total batch 200 Loss: 1.604 | Acc: 34.286% (12/35)
batch 35 of total batch 200 Loss: 1.598 | Acc: 33.333% (12/36)
batch 36 of total batch 200 Loss: 1.603 | Acc: 32.432% (12/37)
batch 37 of total batch 200 Loss: 1.592 | Acc: 31.579% (12/38)
batch 38 of total batch 200 Loss: 1.577 | Acc: 33.333% (13/39)
batch 39 of total batch 200 Loss: 1.560 | Acc: 35.000% (14/40)
batch 40 of total batch 200 Loss: 1.539 | Acc: 36.585% (15/41)
batch 41 of total batch 200 Loss: 1.535 | Acc: 35.714% (15/42)
batch 42 of total batch 200 Loss: 1.566 | Acc: 34.884% (15/43)
batch 43 of total batch 200 Loss: 1.561 | Acc: 34.091% (15/44)
batch 44 of total batch 200 Loss: 1.542 | Acc: 35.556% (16/45)
batch 45 of total batch 200 Loss: 1.527 | Acc: 36.957% (17/46)
batch 46 of total batch 200 Loss: 1.511 | Acc: 38.298% (18/47)
batch 47 of total batch 200 Loss: 1.505 | Acc: 37.500% (18/48)
batch 48 of total batch 200 Loss: 1.497 | Acc: 36.735% (18/49)
batch 49 of total batch 200 Loss: 1.484 | Acc: 36.000% (18/50)
batch 50 of total batch 200 Loss: 1.463 | Acc: 37.255% (19/51)
batch 51 of total batch 200 Loss: 1.438 | Acc: 38.462% (20/52)
batch 52 of total batch 200 Loss: 1.412 | Acc: 39.623% (21/53)
batch 53 of total batch 200 Loss: 1.464 | Acc: 38.889% (21/54)
batch 54 of total batch 200 Loss: 1.510 | Acc: 38.182% (21/55)
batch 55 of total batch 200 Loss: 1.484 | Acc: 39.286% (22/56)
batch 56 of total batch 200 Loss: 1.461 | Acc: 40.351% (23/57)
batch 57 of total batch 200 Loss: 1.442 | Acc: 41.379% (24/58)
batch 58 of total batch 200 Loss: 1.425 | Acc: 42.373% (25/59)
batch 59 of total batch 200 Loss: 1.420 | Acc: 41.667% (25/60)
batch 60 of total batch 200 Loss: 1.407 | Acc: 42.623% (26/61)
batch 61 of total batch 200 Loss: 1.396 | Acc: 43.548% (27/62)
batch 62 of total batch 200 Loss: 1.385 | Acc: 44.444% (28/63)
batch 63 of total batch 200 Loss: 1.372 | Acc: 45.312% (29/64)
batch 64 of total batch 200 Loss: 1.369 | Acc: 44.615% (29/65)
batch 65 of total batch 200 Loss: 1.366 | Acc: 43.939% (29/66)
batch 66 of total batch 200 Loss: 1.361 | Acc: 43.284% (29/67)
batch 67 of total batch 200 Loss: 1.351 | Acc: 44.118% (30/68)
batch 68 of total batch 200 Loss: 1.342 | Acc: 43.478% (30/69)
batch 69 of total batch 200 Loss: 1.334 | Acc: 42.857% (30/70)
batch 70 of total batch 200 Loss: 1.387 | Acc: 42.254% (30/71)
batch 71 of total batch 200 Loss: 1.376 | Acc: 43.056% (31/72)
batch 72 of total batch 200 Loss: 1.367 | Acc: 43.836% (32/73)
batch 73 of total batch 200 Loss: 1.365 | Acc: 43.243% (32/74)
batch 74 of total batch 200 Loss: 1.358 | Acc: 44.000% (33/75)
batch 75 of total batch 200 Loss: 1.359 | Acc: 43.421% (33/76)
batch 76 of total batch 200 Loss: 1.349 | Acc: 44.156% (34/77)
batch 77 of total batch 200 Loss: 1.338 | Acc: 44.872% (35/78)
batch 78 of total batch 200 Loss: 1.358 | Acc: 44.304% (35/79)
batch 79 of total batch 200 Loss: 1.346 | Acc: 45.000% (36/80)
batch 80 of total batch 200 Loss: 1.352 | Acc: 44.444% (36/81)
batch 81 of total batch 200 Loss: 1.341 | Acc: 45.122% (37/82)
batch 82 of total batch 200 Loss: 1.330 | Acc: 45.783% (38/83)
batch 83 of total batch 200 Loss: 1.318 | Acc: 46.429% (39/84)
batch 84 of total batch 200 Loss: 1.306 | Acc: 47.059% (40/85)
batch 85 of total batch 200 Loss: 1.293 | Acc: 47.674% (41/86)
batch 86 of total batch 200 Loss: 1.346 | Acc: 47.126% (41/87)
batch 87 of total batch 200 Loss: 1.360 | Acc: 46.591% (41/88)
batch 88 of total batch 200 Loss: 1.365 | Acc: 46.067% (41/89)
batch 89 of total batch 200 Loss: 1.369 | Acc: 45.556% (41/90)
batch 90 of total batch 200 Loss: 1.370 | Acc: 45.055% (41/91)
batch 91 of total batch 200 Loss: 1.372 | Acc: 44.565% (41/92)
batch 92 of total batch 200 Loss: 1.373 | Acc: 45.161% (42/93)
batch 93 of total batch 200 Loss: 1.375 | Acc: 44.681% (42/94)
batch 94 of total batch 200 Loss: 1.375 | Acc: 45.263% (43/95)
batch 95 of total batch 200 Loss: 1.375 | Acc: 44.792% (43/96)
batch 96 of total batch 200 Loss: 1.376 | Acc: 44.330% (43/97)
batch 97 of total batch 200 Loss: 1.372 | Acc: 44.898% (44/98)
batch 98 of total batch 200 Loss: 1.372 | Acc: 44.444% (44/99)
batch 99 of total batch 200 Loss: 1.372 | Acc: 44.000% (44/100)
batch 100 of total batch 200 Loss: 1.370 | Acc: 43.564% (44/101)
batch 101 of total batch 200 Loss: 1.383 | Acc: 43.137% (44/102)
batch 102 of total batch 200 Loss: 1.381 | Acc: 42.718% (44/103)
batch 103 of total batch 200 Loss: 1.373 | Acc: 43.269% (45/104)
batch 104 of total batch 200 Loss: 1.365 | Acc: 43.810% (46/105)
batch 105 of total batch 200 Loss: 1.369 | Acc: 43.396% (46/106)
batch 106 of total batch 200 Loss: 1.388 | Acc: 42.991% (46/107)
batch 107 of total batch 200 Loss: 1.389 | Acc: 42.593% (46/108)
batch 108 of total batch 200 Loss: 1.388 | Acc: 42.202% (46/109)
batch 109 of total batch 200 Loss: 1.383 | Acc: 42.727% (47/110)
batch 110 of total batch 200 Loss: 1.391 | Acc: 42.342% (47/111)
batch 111 of total batch 200 Loss: 1.384 | Acc: 42.857% (48/112)
batch 112 of total batch 200 Loss: 1.389 | Acc: 42.478% (48/113)
batch 113 of total batch 200 Loss: 1.382 | Acc: 42.982% (49/114)
batch 114 of total batch 200 Loss: 1.388 | Acc: 42.609% (49/115)
batch 115 of total batch 200 Loss: 1.393 | Acc: 42.241% (49/116)
batch 116 of total batch 200 Loss: 1.395 | Acc: 41.880% (49/117)
batch 117 of total batch 200 Loss: 1.397 | Acc: 41.525% (49/118)
batch 118 of total batch 200 Loss: 1.397 | Acc: 42.017% (50/119)
batch 119 of total batch 200 Loss: 1.398 | Acc: 41.667% (50/120)
batch 120 of total batch 200 Loss: 1.398 | Acc: 42.149% (51/121)
batch 121 of total batch 200 Loss: 1.400 | Acc: 41.803% (51/122)
batch 122 of total batch 200 Loss: 1.401 | Acc: 41.463% (51/123)
batch 123 of total batch 200 Loss: 1.402 | Acc: 41.129% (51/124)
batch 124 of total batch 200 Loss: 1.401 | Acc: 41.600% (52/125)
batch 125 of total batch 200 Loss: 1.405 | Acc: 41.270% (52/126)
batch 126 of total batch 200 Loss: 1.404 | Acc: 41.732% (53/127)
batch 127 of total batch 200 Loss: 1.402 | Acc: 42.188% (54/128)
batch 128 of total batch 200 Loss: 1.401 | Acc: 41.860% (54/129)
batch 129 of total batch 200 Loss: 1.398 | Acc: 42.308% (55/130)
batch 130 of total batch 200 Loss: 1.397 | Acc: 41.985% (55/131)
batch 131 of total batch 200 Loss: 1.391 | Acc: 42.424% (56/132)
batch 132 of total batch 200 Loss: 1.390 | Acc: 42.105% (56/133)
batch 133 of total batch 200 Loss: 1.404 | Acc: 41.791% (56/134)
batch 134 of total batch 200 Loss: 1.400 | Acc: 41.481% (56/135)
batch 135 of total batch 200 Loss: 1.397 | Acc: 41.176% (56/136)
batch 136 of total batch 200 Loss: 1.395 | Acc: 40.876% (56/137)
batch 137 of total batch 200 Loss: 1.390 | Acc: 41.304% (57/138)
batch 138 of total batch 200 Loss: 1.387 | Acc: 41.007% (57/139)
batch 139 of total batch 200 Loss: 1.383 | Acc: 40.714% (57/140)
batch 140 of total batch 200 Loss: 1.377 | Acc: 41.135% (58/141)
batch 141 of total batch 200 Loss: 1.378 | Acc: 40.845% (58/142)
batch 142 of total batch 200 Loss: 1.402 | Acc: 40.559% (58/143)
batch 143 of total batch 200 Loss: 1.395 | Acc: 40.972% (59/144)
batch 144 of total batch 200 Loss: 1.388 | Acc: 41.379% (60/145)
batch 145 of total batch 200 Loss: 1.381 | Acc: 41.781% (61/146)
batch 146 of total batch 200 Loss: 1.384 | Acc: 41.497% (61/147)
batch 147 of total batch 200 Loss: 1.391 | Acc: 41.216% (61/148)
batch 148 of total batch 200 Loss: 1.386 | Acc: 41.611% (62/149)
batch 149 of total batch 200 Loss: 1.389 | Acc: 41.333% (62/150)
batch 150 of total batch 200 Loss: 1.387 | Acc: 41.722% (63/151)
batch 151 of total batch 200 Loss: 1.389 | Acc: 41.447% (63/152)
batch 152 of total batch 200 Loss: 1.391 | Acc: 41.176% (63/153)
batch 153 of total batch 200 Loss: 1.393 | Acc: 40.909% (63/154)
batch 154 of total batch 200 Loss: 1.394 | Acc: 40.645% (63/155)
batch 155 of total batch 200 Loss: 1.394 | Acc: 40.385% (63/156)
batch 156 of total batch 200 Loss: 1.393 | Acc: 40.764% (64/157)
batch 157 of total batch 200 Loss: 1.392 | Acc: 40.506% (64/158)
batch 158 of total batch 200 Loss: 1.391 | Acc: 40.252% (64/159)
batch 159 of total batch 200 Loss: 1.396 | Acc: 40.000% (64/160)
batch 160 of total batch 200 Loss: 1.401 | Acc: 39.752% (64/161)
batch 161 of total batch 200 Loss: 1.400 | Acc: 40.123% (65/162)
batch 162 of total batch 200 Loss: 1.397 | Acc: 40.491% (66/163)
batch 163 of total batch 200 Loss: 1.394 | Acc: 40.854% (67/164)
batch 164 of total batch 200 Loss: 1.389 | Acc: 41.212% (68/165)
batch 165 of total batch 200 Loss: 1.384 | Acc: 41.566% (69/166)
batch 166 of total batch 200 Loss: 1.389 | Acc: 41.317% (69/167)
batch 167 of total batch 200 Loss: 1.395 | Acc: 41.071% (69/168)
batch 168 of total batch 200 Loss: 1.407 | Acc: 40.828% (69/169)
batch 169 of total batch 200 Loss: 1.401 | Acc: 41.176% (70/170)
batch 170 of total batch 200 Loss: 1.397 | Acc: 41.520% (71/171)
batch 171 of total batch 200 Loss: 1.392 | Acc: 41.860% (72/172)
batch 172 of total batch 200 Loss: 1.397 | Acc: 41.618% (72/173)
batch 173 of total batch 200 Loss: 1.400 | Acc: 41.379% (72/174)
batch 174 of total batch 200 Loss: 1.402 | Acc: 41.143% (72/175)
batch 175 of total batch 200 Loss: 1.403 | Acc: 40.909% (72/176)
batch 176 of total batch 200 Loss: 1.404 | Acc: 40.678% (72/177)
batch 177 of total batch 200 Loss: 1.406 | Acc: 40.449% (72/178)
batch 178 of total batch 200 Loss: 1.407 | Acc: 40.223% (72/179)
batch 179 of total batch 200 Loss: 1.407 | Acc: 40.000% (72/180)
batch 180 of total batch 200 Loss: 1.408 | Acc: 39.779% (72/181)
batch 181 of total batch 200 Loss: 1.408 | Acc: 39.560% (72/182)
batch 182 of total batch 200 Loss: 1.409 | Acc: 39.344% (72/183)
batch 183 of total batch 200 Loss: 1.409 | Acc: 39.130% (72/184)
batch 184 of total batch 200 Loss: 1.408 | Acc: 39.459% (73/185)
batch 185 of total batch 200 Loss: 1.409 | Acc: 39.247% (73/186)
batch 186 of total batch 200 Loss: 1.408 | Acc: 39.037% (73/187)
batch 187 of total batch 200 Loss: 1.406 | Acc: 39.362% (74/188)
batch 188 of total batch 200 Loss: 1.405 | Acc: 39.153% (74/189)
batch 189 of total batch 200 Loss: 1.403 | Acc: 39.474% (75/190)
batch 190 of total batch 200 Loss: 1.400 | Acc: 39.791% (76/191)
batch 191 of total batch 200 Loss: 1.397 | Acc: 39.583% (76/192)
batch 192 of total batch 200 Loss: 1.394 | Acc: 39.378% (76/193)
batch 193 of total batch 200 Loss: 1.390 | Acc: 39.691% (77/194)
batch 194 of total batch 200 Loss: 1.390 | Acc: 39.487% (77/195)
batch 195 of total batch 200 Loss: 1.390 | Acc: 39.286% (77/196)
batch 196 of total batch 200 Loss: 1.388 | Acc: 39.086% (77/197)
batch 197 of total batch 200 Loss: 1.383 | Acc: 39.394% (78/198)
batch 198 of total batch 200 Loss: 1.377 | Acc: 39.698% (79/199)
batch 199 of total batch 200 Loss: 1.386 | Acc: 39.500% (79/200)
trainloss:1.3861409318447113,accuracy:39.5,time_used:16529.341175556183
batch 49 of total batch 50 Loss: 2.256 | Acc: 48.000% (24/50)
testloss:2.25586097240448,accuracy:48.0,time_used:3817.9948382377625
Saving..best_record

Epoch: 1
batch 0 of total batch 200 Loss: 3.357 | Acc: 0.000% (0/1)
batch 1 of total batch 200 Loss: 2.923 | Acc: 0.000% (0/2)
batch 2 of total batch 200 Loss: 2.400 | Acc: 0.000% (0/3)
batch 3 of total batch 200 Loss: 1.999 | Acc: 0.000% (0/4)
batch 4 of total batch 200 Loss: 1.697 | Acc: 20.000% (1/5)
batch 5 of total batch 200 Loss: 1.962 | Acc: 16.667% (1/6)
batch 6 of total batch 200 Loss: 1.833 | Acc: 28.571% (2/7)
batch 7 of total batch 200 Loss: 1.794 | Acc: 25.000% (2/8)
batch 8 of total batch 200 Loss: 1.778 | Acc: 22.222% (2/9)
batch 9 of total batch 200 Loss: 1.769 | Acc: 20.000% (2/10)
batch 10 of total batch 200 Loss: 1.747 | Acc: 18.182% (2/11)
batch 11 of total batch 200 Loss: 1.726 | Acc: 25.000% (3/12)
batch 12 of total batch 200 Loss: 1.714 | Acc: 23.077% (3/13)
batch 13 of total batch 200 Loss: 1.692 | Acc: 28.571% (4/14)
batch 14 of total batch 200 Loss: 1.669 | Acc: 33.333% (5/15)
batch 15 of total batch 200 Loss: 1.639 | Acc: 37.500% (6/16)
batch 16 of total batch 200 Loss: 1.602 | Acc: 41.176% (7/17)
batch 17 of total batch 200 Loss: 1.639 | Acc: 38.889% (7/18)
batch 18 of total batch 200 Loss: 1.677 | Acc: 36.842% (7/19)
batch 19 of total batch 200 Loss: 1.703 | Acc: 35.000% (7/20)
batch 20 of total batch 200 Loss: 1.657 | Acc: 38.095% (8/21)
batch 21 of total batch 200 Loss: 1.617 | Acc: 40.909% (9/22)
batch 22 of total batch 200 Loss: 1.612 | Acc: 39.130% (9/23)
batch 23 of total batch 200 Loss: 1.577 | Acc: 41.667% (10/24)
batch 24 of total batch 200 Loss: 1.559 | Acc: 40.000% (10/25)
batch 25 of total batch 200 Loss: 1.531 | Acc: 42.308% (11/26)
batch 26 of total batch 200 Loss: 1.504 | Acc: 44.444% (12/27)
batch 27 of total batch 200 Loss: 1.475 | Acc: 46.429% (13/28)
batch 28 of total batch 200 Loss: 1.460 | Acc: 44.828% (13/29)
batch 29 of total batch 200 Loss: 1.446 | Acc: 43.333% (13/30)
batch 30 of total batch 200 Loss: 1.564 | Acc: 41.935% (13/31)
batch 31 of total batch 200 Loss: 1.655 | Acc: 40.625% (13/32)
batch 32 of total batch 200 Loss: 1.622 | Acc: 42.424% (14/33)
batch 33 of total batch 200 Loss: 1.613 | Acc: 41.176% (14/34)
batch 34 of total batch 200 Loss: 1.606 | Acc: 40.000% (14/35)
batch 35 of total batch 200 Loss: 1.601 | Acc: 38.889% (14/36)
batch 36 of total batch 200 Loss: 1.596 | Acc: 37.838% (14/37)
batch 37 of total batch 200 Loss: 1.588 | Acc: 39.474% (15/38)
batch 38 of total batch 200 Loss: 1.583 | Acc: 41.026% (16/39)
batch 39 of total batch 200 Loss: 1.577 | Acc: 42.500% (17/40)
batch 40 of total batch 200 Loss: 1.573 | Acc: 41.463% (17/41)
batch 41 of total batch 200 Loss: 1.568 | Acc: 42.857% (18/42)
batch 42 of total batch 200 Loss: 1.562 | Acc: 41.860% (18/43)
batch 43 of total batch 200 Loss: 1.556 | Acc: 40.909% (18/44)
batch 44 of total batch 200 Loss: 1.550 | Acc: 40.000% (18/45)
batch 45 of total batch 200 Loss: 1.543 | Acc: 39.130% (18/46)
batch 46 of total batch 200 Loss: 1.533 | Acc: 40.426% (19/47)
batch 47 of total batch 200 Loss: 1.525 | Acc: 39.583% (19/48)
batch 48 of total batch 200 Loss: 1.525 | Acc: 38.776% (19/49)
batch 49 of total batch 200 Loss: 1.514 | Acc: 40.000% (20/50)
batch 50 of total batch 200 Loss: 1.505 | Acc: 39.216% (20/51)
batch 51 of total batch 200 Loss: 1.493 | Acc: 38.462% (20/52)
batch 52 of total batch 200 Loss: 1.486 | Acc: 37.736% (20/53)
batch 53 of total batch 200 Loss: 1.478 | Acc: 37.037% (20/54)
batch 54 of total batch 200 Loss: 1.465 | Acc: 38.182% (21/55)
batch 55 of total batch 200 Loss: 1.453 | Acc: 37.500% (21/56)
batch 56 of total batch 200 Loss: 1.443 | Acc: 36.842% (21/57)
batch 57 of total batch 200 Loss: 1.432 | Acc: 36.207% (21/58)
batch 58 of total batch 200 Loss: 1.516 | Acc: 35.593% (21/59)
batch 59 of total batch 200 Loss: 1.497 | Acc: 36.667% (22/60)
batch 60 of total batch 200 Loss: 1.477 | Acc: 37.705% (23/61)
batch 61 of total batch 200 Loss: 1.485 | Acc: 37.097% (23/62)
batch 62 of total batch 200 Loss: 1.491 | Acc: 36.508% (23/63)
batch 63 of total batch 200 Loss: 1.474 | Acc: 37.500% (24/64)
batch 64 of total batch 200 Loss: 1.459 | Acc: 38.462% (25/65)
batch 65 of total batch 200 Loss: 1.445 | Acc: 39.394% (26/66)
batch 66 of total batch 200 Loss: 1.432 | Acc: 40.299% (27/67)
batch 67 of total batch 200 Loss: 1.430 | Acc: 39.706% (27/68)
batch 68 of total batch 200 Loss: 1.428 | Acc: 39.130% (27/69)
batch 69 of total batch 200 Loss: 1.425 | Acc: 38.571% (27/70)
batch 70 of total batch 200 Loss: 1.420 | Acc: 38.028% (27/71)
batch 71 of total batch 200 Loss: 1.413 | Acc: 37.500% (27/72)
batch 72 of total batch 200 Loss: 1.405 | Acc: 38.356% (28/73)
batch 73 of total batch 200 Loss: 1.401 | Acc: 37.838% (28/74)
batch 74 of total batch 200 Loss: 1.389 | Acc: 38.667% (29/75)
batch 75 of total batch 200 Loss: 1.376 | Acc: 39.474% (30/76)
batch 76 of total batch 200 Loss: 1.362 | Acc: 40.260% (31/77)
batch 77 of total batch 200 Loss: 1.373 | Acc: 39.744% (31/78)
batch 78 of total batch 200 Loss: 1.357 | Acc: 40.506% (32/79)
batch 79 of total batch 200 Loss: 1.341 | Acc: 41.250% (33/80)
batch 80 of total batch 200 Loss: 1.385 | Acc: 40.741% (33/81)
batch 81 of total batch 200 Loss: 1.395 | Acc: 40.244% (33/82)
batch 82 of total batch 200 Loss: 1.383 | Acc: 40.964% (34/83)
batch 83 of total batch 200 Loss: 1.376 | Acc: 41.667% (35/84)
batch 84 of total batch 200 Loss: 1.376 | Acc: 41.176% (35/85)
batch 85 of total batch 200 Loss: 1.375 | Acc: 40.698% (35/86)
batch 86 of total batch 200 Loss: 1.374 | Acc: 40.230% (35/87)
batch 87 of total batch 200 Loss: 1.373 | Acc: 40.909% (36/88)
batch 88 of total batch 200 Loss: 1.370 | Acc: 40.449% (36/89)
batch 89 of total batch 200 Loss: 1.364 | Acc: 41.111% (37/90)
batch 90 of total batch 200 Loss: 1.360 | Acc: 40.659% (37/91)
batch 91 of total batch 200 Loss: 1.356 | Acc: 40.217% (37/92)
batch 92 of total batch 200 Loss: 1.373 | Acc: 39.785% (37/93)
batch 93 of total batch 200 Loss: 1.389 | Acc: 39.362% (37/94)
batch 94 of total batch 200 Loss: 1.387 | Acc: 38.947% (37/95)
batch 95 of total batch 200 Loss: 1.385 | Acc: 38.542% (37/96)
batch 96 of total batch 200 Loss: 1.383 | Acc: 38.144% (37/97)
batch 97 of total batch 200 Loss: 1.378 | Acc: 38.776% (38/98)
batch 98 of total batch 200 Loss: 1.375 | Acc: 38.384% (38/99)
batch 99 of total batch 200 Loss: 1.373 | Acc: 38.000% (38/100)
batch 100 of total batch 200 Loss: 1.396 | Acc: 37.624% (38/101)
batch 101 of total batch 200 Loss: 1.393 | Acc: 38.235% (39/102)
batch 102 of total batch 200 Loss: 1.391 | Acc: 38.835% (40/103)
batch 103 of total batch 200 Loss: 1.394 | Acc: 38.462% (40/104)
batch 104 of total batch 200 Loss: 1.393 | Acc: 38.095% (40/105)
batch 105 of total batch 200 Loss: 1.395 | Acc: 37.736% (40/106)
batch 106 of total batch 200 Loss: 1.393 | Acc: 38.318% (41/107)
batch 107 of total batch 200 Loss: 1.391 | Acc: 38.889% (42/108)
batch 108 of total batch 200 Loss: 1.388 | Acc: 39.450% (43/109)
batch 109 of total batch 200 Loss: 1.386 | Acc: 39.091% (43/110)
batch 110 of total batch 200 Loss: 1.409 | Acc: 38.739% (43/111)
batch 111 of total batch 200 Loss: 1.410 | Acc: 38.393% (43/112)
batch 112 of total batch 200 Loss: 1.408 | Acc: 38.053% (43/113)
batch 113 of total batch 200 Loss: 1.404 | Acc: 38.596% (44/114)
batch 114 of total batch 200 Loss: 1.401 | Acc: 38.261% (44/115)
batch 115 of total batch 200 Loss: 1.414 | Acc: 37.931% (44/116)
batch 116 of total batch 200 Loss: 1.423 | Acc: 37.607% (44/117)
batch 117 of total batch 200 Loss: 1.422 | Acc: 37.288% (44/118)
batch 118 of total batch 200 Loss: 1.422 | Acc: 37.815% (45/119)
batch 119 of total batch 200 Loss: 1.424 | Acc: 37.500% (45/120)
batch 120 of total batch 200 Loss: 1.425 | Acc: 38.017% (46/121)
batch 121 of total batch 200 Loss: 1.425 | Acc: 38.525% (47/122)
batch 122 of total batch 200 Loss: 1.425 | Acc: 38.211% (47/123)
batch 123 of total batch 200 Loss: 1.425 | Acc: 38.710% (48/124)
batch 124 of total batch 200 Loss: 1.425 | Acc: 39.200% (49/125)
batch 125 of total batch 200 Loss: 1.425 | Acc: 38.889% (49/126)
batch 126 of total batch 200 Loss: 1.426 | Acc: 38.583% (49/127)
batch 127 of total batch 200 Loss: 1.426 | Acc: 38.281% (49/128)
batch 128 of total batch 200 Loss: 1.426 | Acc: 38.760% (50/129)
batch 129 of total batch 200 Loss: 1.426 | Acc: 38.462% (50/130)
batch 130 of total batch 200 Loss: 1.428 | Acc: 38.168% (50/131)
batch 131 of total batch 200 Loss: 1.427 | Acc: 38.636% (51/132)
batch 132 of total batch 200 Loss: 1.427 | Acc: 38.346% (51/133)
batch 133 of total batch 200 Loss: 1.426 | Acc: 38.806% (52/134)
batch 134 of total batch 200 Loss: 1.425 | Acc: 39.259% (53/135)
batch 135 of total batch 200 Loss: 1.423 | Acc: 39.706% (54/136)
batch 136 of total batch 200 Loss: 1.421 | Acc: 40.146% (55/137)
batch 137 of total batch 200 Loss: 1.416 | Acc: 40.580% (56/138)
batch 138 of total batch 200 Loss: 1.411 | Acc: 41.007% (57/139)
batch 139 of total batch 200 Loss: 1.420 | Acc: 40.714% (57/140)
batch 140 of total batch 200 Loss: 1.412 | Acc: 41.135% (58/141)
batch 141 of total batch 200 Loss: 1.419 | Acc: 40.845% (58/142)
batch 142 of total batch 200 Loss: 1.425 | Acc: 40.559% (58/143)
batch 143 of total batch 200 Loss: 1.428 | Acc: 40.278% (58/144)
batch 144 of total batch 200 Loss: 1.422 | Acc: 40.690% (59/145)
batch 145 of total batch 200 Loss: 1.418 | Acc: 41.096% (60/146)
batch 146 of total batch 200 Loss: 1.415 | Acc: 40.816% (60/147)
batch 147 of total batch 200 Loss: 1.412 | Acc: 40.541% (60/148)
batch 148 of total batch 200 Loss: 1.408 | Acc: 40.940% (61/149)
batch 149 of total batch 200 Loss: 1.406 | Acc: 40.667% (61/150)
batch 150 of total batch 200 Loss: 1.405 | Acc: 40.397% (61/151)
batch 151 of total batch 200 Loss: 1.413 | Acc: 40.132% (61/152)
batch 152 of total batch 200 Loss: 1.409 | Acc: 40.523% (62/153)
batch 153 of total batch 200 Loss: 1.407 | Acc: 40.260% (62/154)
batch 154 of total batch 200 Loss: 1.404 | Acc: 40.000% (62/155)
batch 155 of total batch 200 Loss: 1.400 | Acc: 40.385% (63/156)
batch 156 of total batch 200 Loss: 1.410 | Acc: 40.127% (63/157)
batch 157 of total batch 200 Loss: 1.406 | Acc: 40.506% (64/158)
batch 158 of total batch 200 Loss: 1.401 | Acc: 40.881% (65/159)
batch 159 of total batch 200 Loss: 1.396 | Acc: 41.250% (66/160)
batch 160 of total batch 200 Loss: 1.390 | Acc: 41.615% (67/161)
batch 161 of total batch 200 Loss: 1.396 | Acc: 41.358% (67/162)
batch 162 of total batch 200 Loss: 1.389 | Acc: 41.718% (68/163)
batch 163 of total batch 200 Loss: 1.381 | Acc: 42.073% (69/164)
batch 164 of total batch 200 Loss: 1.389 | Acc: 41.818% (69/165)
batch 165 of total batch 200 Loss: 1.418 | Acc: 41.566% (69/166)
batch 166 of total batch 200 Loss: 1.412 | Acc: 41.916% (70/167)
batch 167 of total batch 200 Loss: 1.407 | Acc: 42.262% (71/168)
batch 168 of total batch 200 Loss: 1.402 | Acc: 42.604% (72/169)
batch 169 of total batch 200 Loss: 1.398 | Acc: 42.941% (73/170)
batch 170 of total batch 200 Loss: 1.405 | Acc: 42.690% (73/171)
batch 171 of total batch 200 Loss: 1.402 | Acc: 43.023% (74/172)
batch 172 of total batch 200 Loss: 1.398 | Acc: 43.353% (75/173)
batch 173 of total batch 200 Loss: 1.395 | Acc: 43.678% (76/174)
batch 174 of total batch 200 Loss: 1.392 | Acc: 44.000% (77/175)
batch 175 of total batch 200 Loss: 1.391 | Acc: 43.750% (77/176)
batch 176 of total batch 200 Loss: 1.387 | Acc: 44.068% (78/177)
batch 177 of total batch 200 Loss: 1.395 | Acc: 43.820% (78/178)
batch 178 of total batch 200 Loss: 1.389 | Acc: 44.134% (79/179)
batch 179 of total batch 200 Loss: 1.392 | Acc: 43.889% (79/180)
batch 180 of total batch 200 Loss: 1.393 | Acc: 43.646% (79/181)
batch 181 of total batch 200 Loss: 1.393 | Acc: 43.407% (79/182)
batch 182 of total batch 200 Loss: 1.389 | Acc: 43.716% (80/183)
batch 183 of total batch 200 Loss: 1.388 | Acc: 43.478% (80/184)
batch 184 of total batch 200 Loss: 1.386 | Acc: 43.243% (80/185)
batch 185 of total batch 200 Loss: 1.383 | Acc: 43.011% (80/186)
batch 186 of total batch 200 Loss: 1.381 | Acc: 43.316% (81/187)
batch 187 of total batch 200 Loss: 1.380 | Acc: 43.085% (81/188)
batch 188 of total batch 200 Loss: 1.379 | Acc: 42.857% (81/189)
batch 189 of total batch 200 Loss: 1.377 | Acc: 42.632% (81/190)
batch 190 of total batch 200 Loss: 1.383 | Acc: 42.408% (81/191)
batch 191 of total batch 200 Loss: 1.380 | Acc: 42.708% (82/192)
batch 192 of total batch 200 Loss: 1.378 | Acc: 42.487% (82/193)
batch 193 of total batch 200 Loss: 1.382 | Acc: 42.268% (82/194)
batch 194 of total batch 200 Loss: 1.378 | Acc: 42.564% (83/195)
batch 195 of total batch 200 Loss: 1.374 | Acc: 42.857% (84/196)
batch 196 of total batch 200 Loss: 1.370 | Acc: 43.147% (85/197)
batch 197 of total batch 200 Loss: 1.366 | Acc: 43.434% (86/198)
batch 198 of total batch 200 Loss: 1.361 | Acc: 43.719% (87/199)
batch 199 of total batch 200 Loss: 1.356 | Acc: 44.000% (88/200)
trainloss:1.3555566784739495,accuracy:44.0,time_used:17887.497085094452
batch 49 of total batch 50 Loss: 1.558 | Acc: 48.000% (24/50)
testloss:1.5576354694366454,accuracy:48.0,time_used:3353.504054546356

Epoch: 2
batch 0 of total batch 200 Loss: 0.141 | Acc: 100.000% (1/1)
batch 1 of total batch 200 Loss: 0.110 | Acc: 100.000% (2/2)
batch 2 of total batch 200 Loss: 0.088 | Acc: 100.000% (3/3)
batch 3 of total batch 200 Loss: 0.071 | Acc: 100.000% (4/4)
batch 4 of total batch 200 Loss: 0.059 | Acc: 100.000% (5/5)
batch 5 of total batch 200 Loss: 0.050 | Acc: 100.000% (6/6)
batch 6 of total batch 200 Loss: 0.043 | Acc: 100.000% (7/7)
batch 7 of total batch 200 Loss: 1.135 | Acc: 87.500% (7/8)
batch 8 of total batch 200 Loss: 1.010 | Acc: 88.889% (8/9)
batch 9 of total batch 200 Loss: 1.406 | Acc: 80.000% (8/10)
batch 10 of total batch 200 Loss: 1.286 | Acc: 81.818% (9/11)
batch 11 of total batch 200 Loss: 1.205 | Acc: 83.333% (10/12)
batch 12 of total batch 200 Loss: 1.162 | Acc: 84.615% (11/13)
batch 13 of total batch 200 Loss: 1.177 | Acc: 78.571% (11/14)
batch 14 of total batch 200 Loss: 1.208 | Acc: 73.333% (11/15)
batch 15 of total batch 200 Loss: 1.202 | Acc: 75.000% (12/16)
batch 16 of total batch 200 Loss: 1.196 | Acc: 76.471% (13/17)
batch 17 of total batch 200 Loss: 1.181 | Acc: 77.778% (14/18)
batch 18 of total batch 200 Loss: 1.158 | Acc: 78.947% (15/19)
batch 19 of total batch 200 Loss: 1.126 | Acc: 80.000% (16/20)
batch 20 of total batch 200 Loss: 1.086 | Acc: 80.952% (17/21)
batch 21 of total batch 200 Loss: 1.210 | Acc: 77.273% (17/22)
batch 22 of total batch 200 Loss: 1.319 | Acc: 73.913% (17/23)
batch 23 of total batch 200 Loss: 1.382 | Acc: 70.833% (17/24)
batch 24 of total batch 200 Loss: 1.344 | Acc: 72.000% (18/25)
batch 25 of total batch 200 Loss: 1.365 | Acc: 69.231% (18/26)
batch 26 of total batch 200 Loss: 1.354 | Acc: 66.667% (18/27)
batch 27 of total batch 200 Loss: 1.404 | Acc: 64.286% (18/28)
batch 28 of total batch 200 Loss: 1.382 | Acc: 65.517% (19/29)
batch 29 of total batch 200 Loss: 1.383 | Acc: 63.333% (19/30)
batch 30 of total batch 200 Loss: 1.367 | Acc: 64.516% (20/31)
batch 31 of total batch 200 Loss: 1.352 | Acc: 65.625% (21/32)
batch 32 of total batch 200 Loss: 1.334 | Acc: 66.667% (22/33)
batch 33 of total batch 200 Loss: 1.343 | Acc: 64.706% (22/34)
batch 34 of total batch 200 Loss: 1.319 | Acc: 65.714% (23/35)
batch 35 of total batch 200 Loss: 1.294 | Acc: 66.667% (24/36)
batch 36 of total batch 200 Loss: 1.315 | Acc: 64.865% (24/37)
batch 37 of total batch 200 Loss: 1.287 | Acc: 65.789% (25/38)
batch 38 of total batch 200 Loss: 1.308 | Acc: 64.103% (25/39)
batch 39 of total batch 200 Loss: 1.282 | Acc: 65.000% (26/40)
batch 40 of total batch 200 Loss: 1.259 | Acc: 65.854% (27/41)
batch 41 of total batch 200 Loss: 1.264 | Acc: 64.286% (27/42)
batch 42 of total batch 200 Loss: 1.262 | Acc: 62.791% (27/43)
batch 43 of total batch 200 Loss: 1.251 | Acc: 61.364% (27/44)
batch 44 of total batch 200 Loss: 1.250 | Acc: 60.000% (27/45)
batch 45 of total batch 200 Loss: 1.230 | Acc: 60.870% (28/46)
batch 46 of total batch 200 Loss: 1.243 | Acc: 59.574% (28/47)
batch 47 of total batch 200 Loss: 1.222 | Acc: 60.417% (29/48)
batch 48 of total batch 200 Loss: 1.235 | Acc: 59.184% (29/49)
batch 49 of total batch 200 Loss: 1.244 | Acc: 58.000% (29/50)
batch 50 of total batch 200 Loss: 1.229 | Acc: 58.824% (30/51)
batch 51 of total batch 200 Loss: 1.258 | Acc: 57.692% (30/52)
batch 52 of total batch 200 Loss: 1.251 | Acc: 58.491% (31/53)
batch 53 of total batch 200 Loss: 1.249 | Acc: 59.259% (32/54)
batch 54 of total batch 200 Loss: 1.262 | Acc: 58.182% (32/55)
batch 55 of total batch 200 Loss: 1.265 | Acc: 57.143% (32/56)
batch 56 of total batch 200 Loss: 1.266 | Acc: 57.895% (33/57)
batch 57 of total batch 200 Loss: 1.278 | Acc: 56.897% (33/58)
batch 58 of total batch 200 Loss: 1.278 | Acc: 55.932% (33/59)
batch 59 of total batch 200 Loss: 1.277 | Acc: 56.667% (34/60)
batch 60 of total batch 200 Loss: 1.273 | Acc: 57.377% (35/61)
batch 61 of total batch 200 Loss: 1.268 | Acc: 56.452% (35/62)
batch 62 of total batch 200 Loss: 1.261 | Acc: 55.556% (35/63)
batch 63 of total batch 200 Loss: 1.253 | Acc: 56.250% (36/64)
batch 64 of total batch 200 Loss: 1.243 | Acc: 56.923% (37/65)
batch 65 of total batch 200 Loss: 1.293 | Acc: 56.061% (37/66)
batch 66 of total batch 200 Loss: 1.279 | Acc: 56.716% (38/67)
batch 67 of total batch 200 Loss: 1.264 | Acc: 57.353% (39/68)
batch 68 of total batch 200 Loss: 1.248 | Acc: 57.971% (40/69)
batch 69 of total batch 200 Loss: 1.266 | Acc: 57.143% (40/70)
batch 70 of total batch 200 Loss: 1.250 | Acc: 57.746% (41/71)
batch 71 of total batch 200 Loss: 1.235 | Acc: 58.333% (42/72)
batch 72 of total batch 200 Loss: 1.220 | Acc: 58.904% (43/73)
batch 73 of total batch 200 Loss: 1.238 | Acc: 58.108% (43/74)
batch 74 of total batch 200 Loss: 1.225 | Acc: 58.667% (44/75)
batch 75 of total batch 200 Loss: 1.234 | Acc: 57.895% (44/76)
batch 76 of total batch 200 Loss: 1.234 | Acc: 57.143% (44/77)
batch 77 of total batch 200 Loss: 1.234 | Acc: 56.410% (44/78)
batch 78 of total batch 200 Loss: 1.232 | Acc: 55.696% (44/79)
batch 79 of total batch 200 Loss: 1.230 | Acc: 55.000% (44/80)
batch 80 of total batch 200 Loss: 1.245 | Acc: 54.321% (44/81)
batch 81 of total batch 200 Loss: 1.245 | Acc: 54.878% (45/82)
batch 82 of total batch 200 Loss: 1.245 | Acc: 55.422% (46/83)
batch 83 of total batch 200 Loss: 1.244 | Acc: 55.952% (47/84)
batch 84 of total batch 200 Loss: 1.246 | Acc: 55.294% (47/85)
batch 85 of total batch 200 Loss: 1.249 | Acc: 54.651% (47/86)
batch 86 of total batch 200 Loss: 1.241 | Acc: 55.172% (48/87)
batch 87 of total batch 200 Loss: 1.231 | Acc: 55.682% (49/88)
batch 88 of total batch 200 Loss: 1.243 | Acc: 55.056% (49/89)
batch 89 of total batch 200 Loss: 1.232 | Acc: 55.556% (50/90)
batch 90 of total batch 200 Loss: 1.220 | Acc: 56.044% (51/91)
batch 91 of total batch 200 Loss: 1.208 | Acc: 56.522% (52/92)
batch 92 of total batch 200 Loss: 1.196 | Acc: 56.989% (53/93)
batch 93 of total batch 200 Loss: 1.217 | Acc: 56.383% (53/94)
batch 94 of total batch 200 Loss: 1.233 | Acc: 55.789% (53/95)
batch 95 of total batch 200 Loss: 1.223 | Acc: 56.250% (54/96)
batch 96 of total batch 200 Loss: 1.216 | Acc: 56.701% (55/97)
batch 97 of total batch 200 Loss: 1.209 | Acc: 57.143% (56/98)
batch 98 of total batch 200 Loss: 1.227 | Acc: 56.566% (56/99)
batch 99 of total batch 200 Loss: 1.224 | Acc: 57.000% (57/100)
batch 100 of total batch 200 Loss: 1.223 | Acc: 57.426% (58/101)
batch 101 of total batch 200 Loss: 1.223 | Acc: 56.863% (58/102)
batch 102 of total batch 200 Loss: 1.222 | Acc: 56.311% (58/103)
batch 103 of total batch 200 Loss: 1.218 | Acc: 56.731% (59/104)
batch 104 of total batch 200 Loss: 1.215 | Acc: 56.190% (59/105)
batch 105 of total batch 200 Loss: 1.236 | Acc: 55.660% (59/106)
batch 106 of total batch 200 Loss: 1.231 | Acc: 56.075% (60/107)
batch 107 of total batch 200 Loss: 1.226 | Acc: 56.481% (61/108)
batch 108 of total batch 200 Loss: 1.220 | Acc: 56.881% (62/109)
batch 109 of total batch 200 Loss: 1.220 | Acc: 56.364% (62/110)
batch 110 of total batch 200 Loss: 1.221 | Acc: 55.856% (62/111)
batch 111 of total batch 200 Loss: 1.214 | Acc: 56.250% (63/112)
batch 112 of total batch 200 Loss: 1.207 | Acc: 56.637% (64/113)
batch 113 of total batch 200 Loss: 1.209 | Acc: 56.140% (64/114)
batch 114 of total batch 200 Loss: 1.233 | Acc: 55.652% (64/115)
batch 115 of total batch 200 Loss: 1.233 | Acc: 55.172% (64/116)
batch 116 of total batch 200 Loss: 1.229 | Acc: 55.556% (65/117)
batch 117 of total batch 200 Loss: 1.228 | Acc: 55.932% (66/118)
batch 118 of total batch 200 Loss: 1.227 | Acc: 56.303% (67/119)
batch 119 of total batch 200 Loss: 1.225 | Acc: 56.667% (68/120)
batch 120 of total batch 200 Loss: 1.234 | Acc: 56.198% (68/121)
batch 121 of total batch 200 Loss: 1.231 | Acc: 56.557% (69/122)
batch 122 of total batch 200 Loss: 1.240 | Acc: 56.098% (69/123)
batch 123 of total batch 200 Loss: 1.249 | Acc: 55.645% (69/124)
batch 124 of total batch 200 Loss: 1.247 | Acc: 56.000% (70/125)
batch 125 of total batch 200 Loss: 1.247 | Acc: 56.349% (71/126)
batch 126 of total batch 200 Loss: 1.252 | Acc: 55.906% (71/127)
batch 127 of total batch 200 Loss: 1.256 | Acc: 55.469% (71/128)
batch 128 of total batch 200 Loss: 1.260 | Acc: 55.039% (71/129)
batch 129 of total batch 200 Loss: 1.262 | Acc: 54.615% (71/130)
batch 130 of total batch 200 Loss: 1.266 | Acc: 54.198% (71/131)
batch 131 of total batch 200 Loss: 1.268 | Acc: 53.788% (71/132)
batch 132 of total batch 200 Loss: 1.269 | Acc: 54.135% (72/133)
batch 133 of total batch 200 Loss: 1.270 | Acc: 53.731% (72/134)
batch 134 of total batch 200 Loss: 1.271 | Acc: 54.074% (73/135)
batch 135 of total batch 200 Loss: 1.270 | Acc: 54.412% (74/136)
batch 136 of total batch 200 Loss: 1.270 | Acc: 54.745% (75/137)
batch 137 of total batch 200 Loss: 1.271 | Acc: 55.072% (76/138)
batch 138 of total batch 200 Loss: 1.272 | Acc: 54.676% (76/139)
batch 139 of total batch 200 Loss: 1.273 | Acc: 55.000% (77/140)
batch 140 of total batch 200 Loss: 1.274 | Acc: 54.610% (77/141)
batch 141 of total batch 200 Loss: 1.273 | Acc: 54.930% (78/142)
batch 142 of total batch 200 Loss: 1.272 | Acc: 55.245% (79/143)
batch 143 of total batch 200 Loss: 1.270 | Acc: 55.556% (80/144)
batch 144 of total batch 200 Loss: 1.267 | Acc: 55.862% (81/145)
batch 145 of total batch 200 Loss: 1.279 | Acc: 55.479% (81/146)
batch 146 of total batch 200 Loss: 1.278 | Acc: 55.102% (81/147)
batch 147 of total batch 200 Loss: 1.273 | Acc: 55.405% (82/148)
batch 148 of total batch 200 Loss: 1.273 | Acc: 55.034% (82/149)
batch 149 of total batch 200 Loss: 1.286 | Acc: 54.667% (82/150)
batch 150 of total batch 200 Loss: 1.284 | Acc: 54.305% (82/151)
batch 151 of total batch 200 Loss: 1.282 | Acc: 53.947% (82/152)
batch 152 of total batch 200 Loss: 1.278 | Acc: 54.248% (83/153)
batch 153 of total batch 200 Loss: 1.278 | Acc: 53.896% (83/154)
batch 154 of total batch 200 Loss: 1.283 | Acc: 53.548% (83/155)
batch 155 of total batch 200 Loss: 1.283 | Acc: 53.205% (83/156)
batch 156 of total batch 200 Loss: 1.283 | Acc: 52.866% (83/157)
batch 157 of total batch 200 Loss: 1.283 | Acc: 52.532% (83/158)
batch 158 of total batch 200 Loss: 1.283 | Acc: 52.201% (83/159)
batch 159 of total batch 200 Loss: 1.281 | Acc: 52.500% (84/160)
batch 160 of total batch 200 Loss: 1.283 | Acc: 52.174% (84/161)
batch 161 of total batch 200 Loss: 1.280 | Acc: 52.469% (85/162)
batch 162 of total batch 200 Loss: 1.279 | Acc: 52.761% (86/163)
batch 163 of total batch 200 Loss: 1.283 | Acc: 52.439% (86/164)
batch 164 of total batch 200 Loss: 1.283 | Acc: 52.121% (86/165)
batch 165 of total batch 200 Loss: 1.294 | Acc: 51.807% (86/166)
batch 166 of total batch 200 Loss: 1.291 | Acc: 52.096% (87/167)
batch 167 of total batch 200 Loss: 1.296 | Acc: 51.786% (87/168)
batch 168 of total batch 200 Loss: 1.297 | Acc: 51.479% (87/169)
batch 169 of total batch 200 Loss: 1.298 | Acc: 51.176% (87/170)
batch 170 of total batch 200 Loss: 1.298 | Acc: 51.462% (88/171)
batch 171 of total batch 200 Loss: 1.298 | Acc: 51.163% (88/172)
batch 172 of total batch 200 Loss: 1.301 | Acc: 50.867% (88/173)
batch 173 of total batch 200 Loss: 1.300 | Acc: 51.149% (89/174)
batch 174 of total batch 200 Loss: 1.300 | Acc: 50.857% (89/175)
batch 175 of total batch 200 Loss: 1.301 | Acc: 50.568% (89/176)
batch 176 of total batch 200 Loss: 1.301 | Acc: 50.847% (90/177)
batch 177 of total batch 200 Loss: 1.301 | Acc: 51.124% (91/178)
batch 178 of total batch 200 Loss: 1.302 | Acc: 50.838% (91/179)
batch 179 of total batch 200 Loss: 1.303 | Acc: 50.556% (91/180)
batch 180 of total batch 200 Loss: 1.304 | Acc: 50.276% (91/181)
batch 181 of total batch 200 Loss: 1.305 | Acc: 50.000% (91/182)
batch 182 of total batch 200 Loss: 1.305 | Acc: 49.727% (91/183)
batch 183 of total batch 200 Loss: 1.306 | Acc: 49.457% (91/184)
batch 184 of total batch 200 Loss: 1.305 | Acc: 49.730% (92/185)
batch 185 of total batch 200 Loss: 1.305 | Acc: 50.000% (93/186)
batch 186 of total batch 200 Loss: 1.306 | Acc: 49.733% (93/187)
batch 187 of total batch 200 Loss: 1.306 | Acc: 49.468% (93/188)
batch 188 of total batch 200 Loss: 1.305 | Acc: 49.735% (94/189)
batch 189 of total batch 200 Loss: 1.299 | Acc: 50.000% (95/190)
batch 190 of total batch 200 Loss: 1.298 | Acc: 50.262% (96/191)
batch 191 of total batch 200 Loss: 1.304 | Acc: 50.000% (96/192)
batch 192 of total batch 200 Loss: 1.303 | Acc: 49.741% (96/193)
batch 193 of total batch 200 Loss: 1.301 | Acc: 50.000% (97/194)
batch 194 of total batch 200 Loss: 1.299 | Acc: 50.256% (98/195)
batch 195 of total batch 200 Loss: 1.298 | Acc: 50.000% (98/196)
batch 196 of total batch 200 Loss: 1.296 | Acc: 50.254% (99/197)
batch 197 of total batch 200 Loss: 1.293 | Acc: 50.505% (100/198)
batch 198 of total batch 200 Loss: 1.292 | Acc: 50.251% (100/199)
batch 199 of total batch 200 Loss: 1.288 | Acc: 50.500% (101/200)
trainloss:1.2884919422864913,accuracy:50.5,time_used:14106.468527317047
batch 49 of total batch 50 Loss: 1.063 | Acc: 48.000% (24/50)
testloss:1.0627502036094665,accuracy:48.0,time_used:3407.753810405731

Epoch: 3
batch 0 of total batch 200 Loss: 0.423 | Acc: 100.000% (1/1)
batch 1 of total batch 200 Loss: 0.360 | Acc: 100.000% (2/2)
batch 2 of total batch 200 Loss: 0.859 | Acc: 66.667% (2/3)
batch 3 of total batch 200 Loss: 1.091 | Acc: 50.000% (2/4)
batch 4 of total batch 200 Loss: 1.853 | Acc: 40.000% (2/5)
batch 5 of total batch 200 Loss: 1.673 | Acc: 33.333% (2/6)
batch 6 of total batch 200 Loss: 1.573 | Acc: 28.571% (2/7)
batch 7 of total batch 200 Loss: 1.494 | Acc: 25.000% (2/8)
batch 8 of total batch 200 Loss: 1.418 | Acc: 22.222% (2/9)
batch 9 of total batch 200 Loss: 1.363 | Acc: 20.000% (2/10)
batch 10 of total batch 200 Loss: 1.317 | Acc: 18.182% (2/11)
batch 11 of total batch 200 Loss: 1.279 | Acc: 25.000% (3/12)
batch 12 of total batch 200 Loss: 1.257 | Acc: 23.077% (3/13)
batch 13 of total batch 200 Loss: 1.238 | Acc: 21.429% (3/14)
batch 14 of total batch 200 Loss: 1.216 | Acc: 20.000% (3/15)
batch 15 of total batch 200 Loss: 1.188 | Acc: 25.000% (4/16)
batch 16 of total batch 200 Loss: 1.181 | Acc: 29.412% (5/17)
batch 17 of total batch 200 Loss: 1.192 | Acc: 27.778% (5/18)
batch 18 of total batch 200 Loss: 1.202 | Acc: 26.316% (5/19)
batch 19 of total batch 200 Loss: 1.166 | Acc: 30.000% (6/20)
batch 20 of total batch 200 Loss: 1.320 | Acc: 28.571% (6/21)
batch 21 of total batch 200 Loss: 1.311 | Acc: 27.273% (6/22)
batch 22 of total batch 200 Loss: 1.298 | Acc: 26.087% (6/23)
batch 23 of total batch 200 Loss: 1.284 | Acc: 29.167% (7/24)
batch 24 of total batch 200 Loss: 1.271 | Acc: 32.000% (8/25)
batch 25 of total batch 200 Loss: 1.259 | Acc: 34.615% (9/26)
batch 26 of total batch 200 Loss: 1.257 | Acc: 33.333% (9/27)
batch 27 of total batch 200 Loss: 1.255 | Acc: 32.143% (9/28)
batch 28 of total batch 200 Loss: 1.237 | Acc: 34.483% (10/29)
batch 29 of total batch 200 Loss: 1.238 | Acc: 33.333% (10/30)
batch 30 of total batch 200 Loss: 1.240 | Acc: 32.258% (10/31)
batch 31 of total batch 200 Loss: 1.217 | Acc: 34.375% (11/32)
batch 32 of total batch 200 Loss: 1.194 | Acc: 36.364% (12/33)
batch 33 of total batch 200 Loss: 1.169 | Acc: 38.235% (13/34)
batch 34 of total batch 200 Loss: 1.175 | Acc: 37.143% (13/35)
batch 35 of total batch 200 Loss: 1.153 | Acc: 38.889% (14/36)
batch 36 of total batch 200 Loss: 1.155 | Acc: 37.838% (14/37)
batch 37 of total batch 200 Loss: 1.137 | Acc: 39.474% (15/38)
batch 38 of total batch 200 Loss: 1.131 | Acc: 38.462% (15/39)
batch 39 of total batch 200 Loss: 1.118 | Acc: 40.000% (16/40)
batch 40 of total batch 200 Loss: 1.120 | Acc: 39.024% (16/41)
batch 41 of total batch 200 Loss: 1.127 | Acc: 38.095% (16/42)
batch 42 of total batch 200 Loss: 1.229 | Acc: 37.209% (16/43)
batch 43 of total batch 200 Loss: 1.223 | Acc: 36.364% (16/44)
batch 44 of total batch 200 Loss: 1.212 | Acc: 37.778% (17/45)
batch 45 of total batch 200 Loss: 1.205 | Acc: 36.957% (17/46)
batch 46 of total batch 200 Loss: 1.180 | Acc: 38.298% (18/47)
batch 47 of total batch 200 Loss: 1.198 | Acc: 37.500% (18/48)
batch 48 of total batch 200 Loss: 1.198 | Acc: 36.735% (18/49)
batch 49 of total batch 200 Loss: 1.199 | Acc: 38.000% (19/50)
batch 50 of total batch 200 Loss: 1.199 | Acc: 39.216% (20/51)
batch 51 of total batch 200 Loss: 1.198 | Acc: 40.385% (21/52)
batch 52 of total batch 200 Loss: 1.214 | Acc: 39.623% (21/53)
batch 53 of total batch 200 Loss: 1.212 | Acc: 40.741% (22/54)
batch 54 of total batch 200 Loss: 1.222 | Acc: 40.000% (22/55)
batch 55 of total batch 200 Loss: 1.224 | Acc: 39.286% (22/56)
batch 56 of total batch 200 Loss: 1.233 | Acc: 38.596% (22/57)
batch 57 of total batch 200 Loss: 1.224 | Acc: 39.655% (23/58)
batch 58 of total batch 200 Loss: 1.225 | Acc: 38.983% (23/59)
batch 59 of total batch 200 Loss: 1.226 | Acc: 38.333% (23/60)
batch 60 of total batch 200 Loss: 1.226 | Acc: 37.705% (23/61)
batch 61 of total batch 200 Loss: 1.246 | Acc: 37.097% (23/62)
batch 62 of total batch 200 Loss: 1.242 | Acc: 38.095% (24/63)
batch 63 of total batch 200 Loss: 1.244 | Acc: 37.500% (24/64)
batch 64 of total batch 200 Loss: 1.237 | Acc: 38.462% (25/65)
batch 65 of total batch 200 Loss: 1.242 | Acc: 37.879% (25/66)
batch 66 of total batch 200 Loss: 1.233 | Acc: 38.806% (26/67)
batch 67 of total batch 200 Loss: 1.223 | Acc: 39.706% (27/68)
batch 68 of total batch 200 Loss: 1.232 | Acc: 39.130% (27/69)
batch 69 of total batch 200 Loss: 1.220 | Acc: 40.000% (28/70)
batch 70 of total batch 200 Loss: 1.230 | Acc: 39.437% (28/71)
batch 71 of total batch 200 Loss: 1.218 | Acc: 40.278% (29/72)
batch 72 of total batch 200 Loss: 1.207 | Acc: 41.096% (30/73)
batch 73 of total batch 200 Loss: 1.212 | Acc: 40.541% (30/74)
batch 74 of total batch 200 Loss: 1.214 | Acc: 40.000% (30/75)
batch 75 of total batch 200 Loss: 1.212 | Acc: 39.474% (30/76)
batch 76 of total batch 200 Loss: 1.206 | Acc: 40.260% (31/77)
batch 77 of total batch 200 Loss: 1.206 | Acc: 39.744% (31/78)
batch 78 of total batch 200 Loss: 1.196 | Acc: 40.506% (32/79)
batch 79 of total batch 200 Loss: 1.185 | Acc: 41.250% (33/80)
batch 80 of total batch 200 Loss: 1.196 | Acc: 40.741% (33/81)
batch 81 of total batch 200 Loss: 1.207 | Acc: 40.244% (33/82)
batch 82 of total batch 200 Loss: 1.196 | Acc: 40.964% (34/83)
batch 83 of total batch 200 Loss: 1.187 | Acc: 41.667% (35/84)
batch 84 of total batch 200 Loss: 1.191 | Acc: 41.176% (35/85)
batch 85 of total batch 200 Loss: 1.183 | Acc: 41.860% (36/86)
batch 86 of total batch 200 Loss: 1.186 | Acc: 41.379% (36/87)
batch 87 of total batch 200 Loss: 1.187 | Acc: 40.909% (36/88)
batch 88 of total batch 200 Loss: 1.182 | Acc: 41.573% (37/89)
batch 89 of total batch 200 Loss: 1.178 | Acc: 42.222% (38/90)
batch 90 of total batch 200 Loss: 1.178 | Acc: 41.758% (38/91)
batch 91 of total batch 200 Loss: 1.178 | Acc: 41.304% (38/92)
batch 92 of total batch 200 Loss: 1.177 | Acc: 40.860% (38/93)
batch 93 of total batch 200 Loss: 1.171 | Acc: 41.489% (39/94)
batch 94 of total batch 200 Loss: 1.166 | Acc: 42.105% (40/95)
batch 95 of total batch 200 Loss: 1.160 | Acc: 42.708% (41/96)
batch 96 of total batch 200 Loss: 1.157 | Acc: 42.268% (41/97)
batch 97 of total batch 200 Loss: 1.154 | Acc: 41.837% (41/98)
batch 98 of total batch 200 Loss: 1.150 | Acc: 41.414% (41/99)
batch 99 of total batch 200 Loss: 1.145 | Acc: 42.000% (42/100)
batch 100 of total batch 200 Loss: 1.138 | Acc: 42.574% (43/101)
batch 101 of total batch 200 Loss: 1.184 | Acc: 42.157% (43/102)
batch 102 of total batch 200 Loss: 1.175 | Acc: 42.718% (44/103)
batch 103 of total batch 200 Loss: 1.165 | Acc: 43.269% (45/104)
batch 104 of total batch 200 Loss: 1.202 | Acc: 42.857% (45/105)
batch 105 of total batch 200 Loss: 1.208 | Acc: 42.453% (45/106)
batch 106 of total batch 200 Loss: 1.204 | Acc: 42.991% (46/107)
batch 107 of total batch 200 Loss: 1.206 | Acc: 42.593% (46/108)
batch 108 of total batch 200 Loss: 1.208 | Acc: 42.202% (46/109)
batch 109 of total batch 200 Loss: 1.213 | Acc: 41.818% (46/110)
batch 110 of total batch 200 Loss: 1.214 | Acc: 42.342% (47/111)
batch 111 of total batch 200 Loss: 1.215 | Acc: 41.964% (47/112)
batch 112 of total batch 200 Loss: 1.216 | Acc: 41.593% (47/113)
batch 113 of total batch 200 Loss: 1.216 | Acc: 42.105% (48/114)
batch 114 of total batch 200 Loss: 1.217 | Acc: 42.609% (49/115)
batch 115 of total batch 200 Loss: 1.217 | Acc: 43.103% (50/116)
batch 116 of total batch 200 Loss: 1.218 | Acc: 43.590% (51/117)
batch 117 of total batch 200 Loss: 1.219 | Acc: 43.220% (51/118)
batch 118 of total batch 200 Loss: 1.219 | Acc: 43.697% (52/119)
batch 119 of total batch 200 Loss: 1.220 | Acc: 44.167% (53/120)
batch 120 of total batch 200 Loss: 1.220 | Acc: 43.802% (53/121)
batch 121 of total batch 200 Loss: 1.221 | Acc: 43.443% (53/122)
batch 122 of total batch 200 Loss: 1.226 | Acc: 43.089% (53/123)
batch 123 of total batch 200 Loss: 1.227 | Acc: 43.548% (54/124)
batch 124 of total batch 200 Loss: 1.227 | Acc: 44.000% (55/125)
batch 125 of total batch 200 Loss: 1.227 | Acc: 44.444% (56/126)
batch 126 of total batch 200 Loss: 1.227 | Acc: 44.882% (57/127)
batch 127 of total batch 200 Loss: 1.227 | Acc: 45.312% (58/128)
batch 128 of total batch 200 Loss: 1.227 | Acc: 45.736% (59/129)
batch 129 of total batch 200 Loss: 1.228 | Acc: 45.385% (59/130)
batch 130 of total batch 200 Loss: 1.229 | Acc: 45.038% (59/131)
batch 131 of total batch 200 Loss: 1.229 | Acc: 45.455% (60/132)
batch 132 of total batch 200 Loss: 1.230 | Acc: 45.113% (60/133)
batch 133 of total batch 200 Loss: 1.230 | Acc: 44.776% (60/134)
batch 134 of total batch 200 Loss: 1.230 | Acc: 45.185% (61/135)
batch 135 of total batch 200 Loss: 1.231 | Acc: 44.853% (61/136)
batch 136 of total batch 200 Loss: 1.236 | Acc: 44.526% (61/137)
batch 137 of total batch 200 Loss: 1.240 | Acc: 44.203% (61/138)
batch 138 of total batch 200 Loss: 1.244 | Acc: 43.885% (61/139)
batch 139 of total batch 200 Loss: 1.244 | Acc: 44.286% (62/140)
batch 140 of total batch 200 Loss: 1.244 | Acc: 44.681% (63/141)
batch 141 of total batch 200 Loss: 1.244 | Acc: 44.366% (63/142)
batch 142 of total batch 200 Loss: 1.244 | Acc: 44.056% (63/143)
batch 143 of total batch 200 Loss: 1.244 | Acc: 44.444% (64/144)
batch 144 of total batch 200 Loss: 1.244 | Acc: 44.828% (65/145)
batch 145 of total batch 200 Loss: 1.244 | Acc: 45.205% (66/146)
batch 146 of total batch 200 Loss: 1.248 | Acc: 44.898% (66/147)
batch 147 of total batch 200 Loss: 1.248 | Acc: 45.270% (67/148)
batch 148 of total batch 200 Loss: 1.247 | Acc: 45.638% (68/149)
batch 149 of total batch 200 Loss: 1.247 | Acc: 46.000% (69/150)
batch 150 of total batch 200 Loss: 1.251 | Acc: 45.695% (69/151)
batch 151 of total batch 200 Loss: 1.252 | Acc: 45.395% (69/152)
batch 152 of total batch 200 Loss: 1.256 | Acc: 45.098% (69/153)
batch 153 of total batch 200 Loss: 1.260 | Acc: 44.805% (69/154)
batch 154 of total batch 200 Loss: 1.260 | Acc: 45.161% (70/155)
batch 155 of total batch 200 Loss: 1.258 | Acc: 45.513% (71/156)
batch 156 of total batch 200 Loss: 1.260 | Acc: 45.223% (71/157)
batch 157 of total batch 200 Loss: 1.262 | Acc: 44.937% (71/158)
batch 158 of total batch 200 Loss: 1.260 | Acc: 45.283% (72/159)
batch 159 of total batch 200 Loss: 1.258 | Acc: 45.625% (73/160)
batch 160 of total batch 200 Loss: 1.260 | Acc: 45.342% (73/161)
batch 161 of total batch 200 Loss: 1.262 | Acc: 45.062% (73/162)
batch 162 of total batch 200 Loss: 1.260 | Acc: 45.399% (74/163)
batch 163 of total batch 200 Loss: 1.257 | Acc: 45.732% (75/164)
batch 164 of total batch 200 Loss: 1.255 | Acc: 46.061% (76/165)
batch 165 of total batch 200 Loss: 1.252 | Acc: 46.386% (77/166)
batch 166 of total batch 200 Loss: 1.248 | Acc: 46.707% (78/167)
batch 167 of total batch 200 Loss: 1.259 | Acc: 46.429% (78/168)
batch 168 of total batch 200 Loss: 1.252 | Acc: 46.746% (79/169)
batch 169 of total batch 200 Loss: 1.246 | Acc: 47.059% (80/170)
batch 170 of total batch 200 Loss: 1.252 | Acc: 46.784% (80/171)
batch 171 of total batch 200 Loss: 1.262 | Acc: 46.512% (80/172)
batch 172 of total batch 200 Loss: 1.265 | Acc: 46.243% (80/173)
batch 173 of total batch 200 Loss: 1.272 | Acc: 45.977% (80/174)
batch 174 of total batch 200 Loss: 1.269 | Acc: 46.286% (81/175)
batch 175 of total batch 200 Loss: 1.268 | Acc: 46.591% (82/176)
batch 176 of total batch 200 Loss: 1.267 | Acc: 46.893% (83/177)
batch 177 of total batch 200 Loss: 1.267 | Acc: 46.629% (83/178)
batch 178 of total batch 200 Loss: 1.266 | Acc: 46.927% (84/179)
batch 179 of total batch 200 Loss: 1.266 | Acc: 46.667% (84/180)
batch 180 of total batch 200 Loss: 1.265 | Acc: 46.961% (85/181)
batch 181 of total batch 200 Loss: 1.265 | Acc: 46.703% (85/182)
batch 182 of total batch 200 Loss: 1.264 | Acc: 46.995% (86/183)
batch 183 of total batch 200 Loss: 1.263 | Acc: 47.283% (87/184)
batch 184 of total batch 200 Loss: 1.263 | Acc: 47.027% (87/185)
batch 185 of total batch 200 Loss: 1.260 | Acc: 47.312% (88/186)
batch 186 of total batch 200 Loss: 1.261 | Acc: 47.059% (88/187)
batch 187 of total batch 200 Loss: 1.262 | Acc: 46.809% (88/188)
batch 188 of total batch 200 Loss: 1.259 | Acc: 47.090% (89/189)
batch 189 of total batch 200 Loss: 1.255 | Acc: 47.368% (90/190)
batch 190 of total batch 200 Loss: 1.255 | Acc: 47.120% (90/191)
batch 191 of total batch 200 Loss: 1.255 | Acc: 46.875% (90/192)
batch 192 of total batch 200 Loss: 1.268 | Acc: 46.632% (90/193)
batch 193 of total batch 200 Loss: 1.266 | Acc: 46.392% (90/194)
batch 194 of total batch 200 Loss: 1.263 | Acc: 46.667% (91/195)
batch 195 of total batch 200 Loss: 1.262 | Acc: 46.429% (91/196)
batch 196 of total batch 200 Loss: 1.271 | Acc: 46.193% (91/197)
batch 197 of total batch 200 Loss: 1.278 | Acc: 45.960% (91/198)
batch 198 of total batch 200 Loss: 1.284 | Acc: 45.729% (91/199)
batch 199 of total batch 200 Loss: 1.288 | Acc: 45.500% (91/200)
trainloss:1.2879449898004531,accuracy:45.5,time_used:14312.0499522686
batch 49 of total batch 50 Loss: 1.227 | Acc: 48.000% (24/50)
testloss:1.2273632764816285,accuracy:48.0,time_used:3427.1653611660004

Epoch: 4
batch 0 of total batch 200 Loss: 1.069 | Acc: 100.000% (1/1)
batch 1 of total batch 200 Loss: 1.118 | Acc: 100.000% (2/2)
batch 2 of total batch 200 Loss: 1.134 | Acc: 100.000% (3/3)
batch 3 of total batch 200 Loss: 1.329 | Acc: 75.000% (3/4)
batch 4 of total batch 200 Loss: 1.297 | Acc: 80.000% (4/5)
batch 5 of total batch 200 Loss: 1.393 | Acc: 66.667% (4/6)
batch 6 of total batch 200 Loss: 1.360 | Acc: 71.429% (5/7)
batch 7 of total batch 200 Loss: 1.356 | Acc: 62.500% (5/8)
batch 8 of total batch 200 Loss: 1.353 | Acc: 55.556% (5/9)
batch 9 of total batch 200 Loss: 1.351 | Acc: 50.000% (5/10)
batch 10 of total batch 200 Loss: 1.349 | Acc: 45.455% (5/11)
batch 11 of total batch 200 Loss: 1.347 | Acc: 41.667% (5/12)
batch 12 of total batch 200 Loss: 1.333 | Acc: 46.154% (6/13)
batch 13 of total batch 200 Loss: 1.302 | Acc: 50.000% (7/14)
batch 14 of total batch 200 Loss: 1.304 | Acc: 46.667% (7/15)
batch 15 of total batch 200 Loss: 1.305 | Acc: 43.750% (7/16)
batch 16 of total batch 200 Loss: 1.297 | Acc: 47.059% (8/17)
batch 17 of total batch 200 Loss: 1.298 | Acc: 44.444% (8/18)
batch 18 of total batch 200 Loss: 1.299 | Acc: 42.105% (8/19)
batch 19 of total batch 200 Loss: 1.300 | Acc: 40.000% (8/20)
batch 20 of total batch 200 Loss: 1.293 | Acc: 42.857% (9/21)
batch 21 of total batch 200 Loss: 1.294 | Acc: 40.909% (9/22)
batch 22 of total batch 200 Loss: 1.299 | Acc: 39.130% (9/23)
batch 23 of total batch 200 Loss: 1.299 | Acc: 37.500% (9/24)
batch 24 of total batch 200 Loss: 1.294 | Acc: 40.000% (10/25)
batch 25 of total batch 200 Loss: 1.294 | Acc: 38.462% (10/26)
batch 26 of total batch 200 Loss: 1.294 | Acc: 37.037% (10/27)
batch 27 of total batch 200 Loss: 1.289 | Acc: 39.286% (11/28)
batch 28 of total batch 200 Loss: 1.285 | Acc: 41.379% (12/29)
batch 29 of total batch 200 Loss: 1.285 | Acc: 40.000% (12/30)
batch 30 of total batch 200 Loss: 1.285 | Acc: 38.710% (12/31)
batch 31 of total batch 200 Loss: 1.285 | Acc: 37.500% (12/32)
batch 32 of total batch 200 Loss: 1.285 | Acc: 36.364% (12/33)
batch 33 of total batch 200 Loss: 1.282 | Acc: 38.235% (13/34)
batch 34 of total batch 200 Loss: 1.282 | Acc: 37.143% (13/35)
batch 35 of total batch 200 Loss: 1.278 | Acc: 38.889% (14/36)
batch 36 of total batch 200 Loss: 1.297 | Acc: 37.838% (14/37)
batch 37 of total batch 200 Loss: 1.296 | Acc: 36.842% (14/38)
batch 38 of total batch 200 Loss: 1.295 | Acc: 35.897% (14/39)
batch 39 of total batch 200 Loss: 1.294 | Acc: 35.000% (14/40)
batch 40 of total batch 200 Loss: 1.291 | Acc: 36.585% (15/41)
batch 41 of total batch 200 Loss: 1.290 | Acc: 35.714% (15/42)
batch 42 of total batch 200 Loss: 1.290 | Acc: 34.884% (15/43)
batch 43 of total batch 200 Loss: 1.287 | Acc: 36.364% (16/44)
batch 44 of total batch 200 Loss: 1.301 | Acc: 35.556% (16/45)
batch 45 of total batch 200 Loss: 1.298 | Acc: 36.957% (17/46)
batch 46 of total batch 200 Loss: 1.312 | Acc: 36.170% (17/47)
batch 47 of total batch 200 Loss: 1.325 | Acc: 35.417% (17/48)
batch 48 of total batch 200 Loss: 1.337 | Acc: 34.694% (17/49)
batch 49 of total batch 200 Loss: 1.335 | Acc: 34.000% (17/50)
batch 50 of total batch 200 Loss: 1.332 | Acc: 35.294% (18/51)
batch 51 of total batch 200 Loss: 1.330 | Acc: 34.615% (18/52)
batch 52 of total batch 200 Loss: 1.328 | Acc: 33.962% (18/53)
batch 53 of total batch 200 Loss: 1.325 | Acc: 35.185% (19/54)
batch 54 of total batch 200 Loss: 1.323 | Acc: 36.364% (20/55)
batch 55 of total batch 200 Loss: 1.320 | Acc: 37.500% (21/56)
batch 56 of total batch 200 Loss: 1.319 | Acc: 36.842% (21/57)
batch 57 of total batch 200 Loss: 1.330 | Acc: 36.207% (21/58)
batch 58 of total batch 200 Loss: 1.327 | Acc: 37.288% (22/59)
batch 59 of total batch 200 Loss: 1.325 | Acc: 38.333% (23/60)
batch 60 of total batch 200 Loss: 1.322 | Acc: 39.344% (24/61)
batch 61 of total batch 200 Loss: 1.321 | Acc: 38.710% (24/62)
batch 62 of total batch 200 Loss: 1.318 | Acc: 39.683% (25/63)
batch 63 of total batch 200 Loss: 1.316 | Acc: 40.625% (26/64)
batch 64 of total batch 200 Loss: 1.313 | Acc: 41.538% (27/65)
batch 65 of total batch 200 Loss: 1.324 | Acc: 40.909% (27/66)
batch 66 of total batch 200 Loss: 1.321 | Acc: 41.791% (28/67)
batch 67 of total batch 200 Loss: 1.319 | Acc: 42.647% (29/68)
batch 68 of total batch 200 Loss: 1.316 | Acc: 43.478% (30/69)
batch 69 of total batch 200 Loss: 1.325 | Acc: 42.857% (30/70)
batch 70 of total batch 200 Loss: 1.324 | Acc: 42.254% (30/71)
batch 71 of total batch 200 Loss: 1.333 | Acc: 41.667% (30/72)
batch 72 of total batch 200 Loss: 1.342 | Acc: 41.096% (30/73)
batch 73 of total batch 200 Loss: 1.340 | Acc: 40.541% (30/74)
batch 74 of total batch 200 Loss: 1.338 | Acc: 41.333% (31/75)
batch 75 of total batch 200 Loss: 1.346 | Acc: 40.789% (31/76)
batch 76 of total batch 200 Loss: 1.343 | Acc: 41.558% (32/77)
batch 77 of total batch 200 Loss: 1.340 | Acc: 42.308% (33/78)
batch 78 of total batch 200 Loss: 1.338 | Acc: 43.038% (34/79)
batch 79 of total batch 200 Loss: 1.335 | Acc: 43.750% (35/80)
batch 80 of total batch 200 Loss: 1.333 | Acc: 44.444% (36/81)
batch 81 of total batch 200 Loss: 1.330 | Acc: 45.122% (37/82)
batch 82 of total batch 200 Loss: 1.329 | Acc: 44.578% (37/83)
batch 83 of total batch 200 Loss: 1.328 | Acc: 44.048% (37/84)
batch 84 of total batch 200 Loss: 1.326 | Acc: 44.706% (38/85)
batch 85 of total batch 200 Loss: 1.324 | Acc: 45.349% (39/86)
batch 86 of total batch 200 Loss: 1.323 | Acc: 44.828% (39/87)
batch 87 of total batch 200 Loss: 1.320 | Acc: 45.455% (40/88)
batch 88 of total batch 200 Loss: 1.316 | Acc: 46.067% (41/89)
batch 89 of total batch 200 Loss: 1.311 | Acc: 46.667% (42/90)
batch 90 of total batch 200 Loss: 1.303 | Acc: 47.253% (43/91)
batch 91 of total batch 200 Loss: 1.307 | Acc: 46.739% (43/92)
batch 92 of total batch 200 Loss: 1.312 | Acc: 46.237% (43/93)
batch 93 of total batch 200 Loss: 1.302 | Acc: 46.809% (44/94)
batch 94 of total batch 200 Loss: 1.305 | Acc: 46.316% (44/95)
batch 95 of total batch 200 Loss: 1.296 | Acc: 46.875% (45/96)
batch 96 of total batch 200 Loss: 1.289 | Acc: 47.423% (46/97)
batch 97 of total batch 200 Loss: 1.281 | Acc: 47.959% (47/98)
batch 98 of total batch 200 Loss: 1.274 | Acc: 48.485% (48/99)
batch 99 of total batch 200 Loss: 1.271 | Acc: 48.000% (48/100)
batch 100 of total batch 200 Loss: 1.261 | Acc: 48.515% (49/101)
batch 101 of total batch 200 Loss: 1.290 | Acc: 48.039% (49/102)
batch 102 of total batch 200 Loss: 1.287 | Acc: 47.573% (49/103)
batch 103 of total batch 200 Loss: 1.281 | Acc: 48.077% (50/104)
batch 104 of total batch 200 Loss: 1.280 | Acc: 47.619% (50/105)
batch 105 of total batch 200 Loss: 1.293 | Acc: 47.170% (50/106)
batch 106 of total batch 200 Loss: 1.294 | Acc: 46.729% (50/107)
batch 107 of total batch 200 Loss: 1.290 | Acc: 47.222% (51/108)
batch 108 of total batch 200 Loss: 1.289 | Acc: 46.789% (51/109)
batch 109 of total batch 200 Loss: 1.289 | Acc: 46.364% (51/110)
batch 110 of total batch 200 Loss: 1.294 | Acc: 45.946% (51/111)
batch 111 of total batch 200 Loss: 1.294 | Acc: 45.536% (51/112)
batch 112 of total batch 200 Loss: 1.293 | Acc: 45.133% (51/113)
batch 113 of total batch 200 Loss: 1.294 | Acc: 44.737% (51/114)
batch 114 of total batch 200 Loss: 1.302 | Acc: 44.348% (51/115)
batch 115 of total batch 200 Loss: 1.298 | Acc: 44.828% (52/116)
batch 116 of total batch 200 Loss: 1.308 | Acc: 44.444% (52/117)
batch 117 of total batch 200 Loss: 1.300 | Acc: 44.915% (53/118)
batch 118 of total batch 200 Loss: 1.295 | Acc: 45.378% (54/119)
batch 119 of total batch 200 Loss: 1.295 | Acc: 45.000% (54/120)
batch 120 of total batch 200 Loss: 1.295 | Acc: 44.628% (54/121)
batch 121 of total batch 200 Loss: 1.295 | Acc: 44.262% (54/122)
batch 122 of total batch 200 Loss: 1.291 | Acc: 44.715% (55/123)
batch 123 of total batch 200 Loss: 1.289 | Acc: 44.355% (55/124)
batch 124 of total batch 200 Loss: 1.287 | Acc: 44.000% (55/125)
batch 125 of total batch 200 Loss: 1.278 | Acc: 44.444% (56/126)
batch 126 of total batch 200 Loss: 1.274 | Acc: 44.882% (57/127)
batch 127 of total batch 200 Loss: 1.270 | Acc: 45.312% (58/128)
batch 128 of total batch 200 Loss: 1.280 | Acc: 44.961% (58/129)
batch 129 of total batch 200 Loss: 1.276 | Acc: 45.385% (59/130)
batch 130 of total batch 200 Loss: 1.270 | Acc: 45.802% (60/131)
batch 131 of total batch 200 Loss: 1.274 | Acc: 45.455% (60/132)
batch 132 of total batch 200 Loss: 1.277 | Acc: 45.113% (60/133)
batch 133 of total batch 200 Loss: 1.279 | Acc: 44.776% (60/134)
batch 134 of total batch 200 Loss: 1.281 | Acc: 44.444% (60/135)
batch 135 of total batch 200 Loss: 1.277 | Acc: 44.853% (61/136)
batch 136 of total batch 200 Loss: 1.277 | Acc: 44.526% (61/137)
batch 137 of total batch 200 Loss: 1.275 | Acc: 44.928% (62/138)
batch 138 of total batch 200 Loss: 1.275 | Acc: 44.604% (62/139)
batch 139 of total batch 200 Loss: 1.274 | Acc: 44.286% (62/140)
batch 140 of total batch 200 Loss: 1.272 | Acc: 44.681% (63/141)
batch 141 of total batch 200 Loss: 1.271 | Acc: 44.366% (63/142)
batch 142 of total batch 200 Loss: 1.269 | Acc: 44.755% (64/143)
batch 143 of total batch 200 Loss: 1.276 | Acc: 44.444% (64/144)
batch 144 of total batch 200 Loss: 1.276 | Acc: 44.138% (64/145)
batch 145 of total batch 200 Loss: 1.275 | Acc: 43.836% (64/146)
batch 146 of total batch 200 Loss: 1.274 | Acc: 43.537% (64/147)
batch 147 of total batch 200 Loss: 1.267 | Acc: 43.919% (65/148)
batch 148 of total batch 200 Loss: 1.274 | Acc: 43.624% (65/149)
batch 149 of total batch 200 Loss: 1.273 | Acc: 44.000% (66/150)
batch 150 of total batch 200 Loss: 1.272 | Acc: 43.709% (66/151)
batch 151 of total batch 200 Loss: 1.271 | Acc: 44.079% (67/152)
batch 152 of total batch 200 Loss: 1.269 | Acc: 44.444% (68/153)
batch 153 of total batch 200 Loss: 1.269 | Acc: 44.156% (68/154)
batch 154 of total batch 200 Loss: 1.268 | Acc: 43.871% (68/155)
batch 155 of total batch 200 Loss: 1.267 | Acc: 43.590% (68/156)
batch 156 of total batch 200 Loss: 1.265 | Acc: 43.949% (69/157)
batch 157 of total batch 200 Loss: 1.263 | Acc: 44.304% (70/158)
batch 158 of total batch 200 Loss: 1.261 | Acc: 44.025% (70/159)
batch 159 of total batch 200 Loss: 1.258 | Acc: 44.375% (71/160)
batch 160 of total batch 200 Loss: 1.257 | Acc: 44.099% (71/161)
batch 161 of total batch 200 Loss: 1.254 | Acc: 43.827% (71/162)
batch 162 of total batch 200 Loss: 1.252 | Acc: 43.558% (71/163)
batch 163 of total batch 200 Loss: 1.248 | Acc: 43.902% (72/164)
batch 164 of total batch 200 Loss: 1.246 | Acc: 43.636% (72/165)
batch 165 of total batch 200 Loss: 1.244 | Acc: 43.373% (72/166)
batch 166 of total batch 200 Loss: 1.241 | Acc: 43.713% (73/167)
batch 167 of total batch 200 Loss: 1.263 | Acc: 43.452% (73/168)
batch 168 of total batch 200 Loss: 1.265 | Acc: 43.195% (73/169)
batch 169 of total batch 200 Loss: 1.259 | Acc: 43.529% (74/170)
batch 170 of total batch 200 Loss: 1.273 | Acc: 43.275% (74/171)
batch 171 of total batch 200 Loss: 1.268 | Acc: 43.605% (75/172)
batch 172 of total batch 200 Loss: 1.263 | Acc: 43.931% (76/173)
batch 173 of total batch 200 Loss: 1.265 | Acc: 43.678% (76/174)
batch 174 of total batch 200 Loss: 1.266 | Acc: 43.429% (76/175)
batch 175 of total batch 200 Loss: 1.266 | Acc: 43.182% (76/176)
batch 176 of total batch 200 Loss: 1.269 | Acc: 42.938% (76/177)
batch 177 of total batch 200 Loss: 1.267 | Acc: 43.258% (77/178)
batch 178 of total batch 200 Loss: 1.267 | Acc: 43.017% (77/179)
batch 179 of total batch 200 Loss: 1.266 | Acc: 42.778% (77/180)
batch 180 of total batch 200 Loss: 1.266 | Acc: 42.541% (77/181)
batch 181 of total batch 200 Loss: 1.263 | Acc: 42.857% (78/182)
batch 182 of total batch 200 Loss: 1.263 | Acc: 42.623% (78/183)
batch 183 of total batch 200 Loss: 1.262 | Acc: 42.391% (78/184)
batch 184 of total batch 200 Loss: 1.261 | Acc: 42.162% (78/185)
batch 185 of total batch 200 Loss: 1.260 | Acc: 42.473% (79/186)
batch 186 of total batch 200 Loss: 1.260 | Acc: 42.246% (79/187)
batch 187 of total batch 200 Loss: 1.259 | Acc: 42.021% (79/188)
batch 188 of total batch 200 Loss: 1.259 | Acc: 42.328% (80/189)
batch 189 of total batch 200 Loss: 1.258 | Acc: 42.632% (81/190)
batch 190 of total batch 200 Loss: 1.262 | Acc: 42.408% (81/191)
