sucessfully load word dictionary with shape24589
sucessfully load word dictionary with shape24589
==> Loading Network structure..

==> Loading cuda...


Epoch: 0
batch 0 of total batch 200 Loss: 1.644 | Acc: 0.000% (0/1)
batch 1 of total batch 200 Loss: 1.702 | Acc: 0.000% (0/2)
batch 2 of total batch 200 Loss: 1.532 | Acc: 0.000% (0/3)
batch 3 of total batch 200 Loss: 1.526 | Acc: 0.000% (0/4)
batch 4 of total batch 200 Loss: 1.497 | Acc: 0.000% (0/5)
batch 5 of total batch 200 Loss: 1.399 | Acc: 0.000% (0/6)
batch 6 of total batch 200 Loss: 1.272 | Acc: 14.286% (1/7)
batch 7 of total batch 200 Loss: 1.296 | Acc: 12.500% (1/8)
batch 8 of total batch 200 Loss: 1.270 | Acc: 11.111% (1/9)
batch 9 of total batch 200 Loss: 1.334 | Acc: 10.000% (1/10)
batch 10 of total batch 200 Loss: 1.229 | Acc: 18.182% (2/11)
batch 11 of total batch 200 Loss: 1.137 | Acc: 25.000% (3/12)
batch 12 of total batch 200 Loss: 1.055 | Acc: 30.769% (4/13)
batch 13 of total batch 200 Loss: 1.225 | Acc: 28.571% (4/14)
batch 14 of total batch 200 Loss: 1.242 | Acc: 26.667% (4/15)
batch 15 of total batch 200 Loss: 1.356 | Acc: 25.000% (4/16)
batch 16 of total batch 200 Loss: 1.505 | Acc: 23.529% (4/17)
batch 17 of total batch 200 Loss: 1.428 | Acc: 27.778% (5/18)
batch 18 of total batch 200 Loss: 1.413 | Acc: 26.316% (5/19)
batch 19 of total batch 200 Loss: 1.431 | Acc: 25.000% (5/20)
batch 20 of total batch 200 Loss: 1.464 | Acc: 23.810% (5/21)
batch 21 of total batch 200 Loss: 1.414 | Acc: 27.273% (6/22)
batch 22 of total batch 200 Loss: 1.666 | Acc: 26.087% (6/23)
batch 23 of total batch 200 Loss: 1.621 | Acc: 29.167% (7/24)
batch 24 of total batch 200 Loss: 1.612 | Acc: 28.000% (7/25)
batch 25 of total batch 200 Loss: 1.613 | Acc: 26.923% (7/26)
batch 26 of total batch 200 Loss: 1.601 | Acc: 25.926% (7/27)
batch 27 of total batch 200 Loss: 1.604 | Acc: 25.000% (7/28)
batch 28 of total batch 200 Loss: 1.662 | Acc: 24.138% (7/29)
batch 29 of total batch 200 Loss: 1.649 | Acc: 26.667% (8/30)
batch 30 of total batch 200 Loss: 1.636 | Acc: 29.032% (9/31)
batch 31 of total batch 200 Loss: 1.628 | Acc: 28.125% (9/32)
batch 32 of total batch 200 Loss: 1.607 | Acc: 30.303% (10/33)
batch 33 of total batch 200 Loss: 1.580 | Acc: 32.353% (11/34)
batch 34 of total batch 200 Loss: 1.572 | Acc: 31.429% (11/35)
batch 35 of total batch 200 Loss: 1.540 | Acc: 33.333% (12/36)
batch 36 of total batch 200 Loss: 1.535 | Acc: 32.432% (12/37)
batch 37 of total batch 200 Loss: 1.523 | Acc: 31.579% (12/38)
batch 38 of total batch 200 Loss: 1.507 | Acc: 30.769% (12/39)
batch 39 of total batch 200 Loss: 1.479 | Acc: 32.500% (13/40)
batch 40 of total batch 200 Loss: 1.485 | Acc: 31.707% (13/41)
batch 41 of total batch 200 Loss: 1.485 | Acc: 30.952% (13/42)
batch 42 of total batch 200 Loss: 1.603 | Acc: 30.233% (13/43)
batch 43 of total batch 200 Loss: 1.601 | Acc: 29.545% (13/44)
batch 44 of total batch 200 Loss: 1.599 | Acc: 28.889% (13/45)
batch 45 of total batch 200 Loss: 1.576 | Acc: 30.435% (14/46)
batch 46 of total batch 200 Loss: 1.557 | Acc: 31.915% (15/47)
batch 47 of total batch 200 Loss: 1.540 | Acc: 33.333% (16/48)
batch 48 of total batch 200 Loss: 1.523 | Acc: 34.694% (17/49)
batch 49 of total batch 200 Loss: 1.568 | Acc: 34.000% (17/50)
batch 50 of total batch 200 Loss: 1.573 | Acc: 33.333% (17/51)
batch 51 of total batch 200 Loss: 1.577 | Acc: 32.692% (17/52)
batch 52 of total batch 200 Loss: 1.584 | Acc: 32.075% (17/53)
batch 53 of total batch 200 Loss: 1.584 | Acc: 31.481% (17/54)
batch 54 of total batch 200 Loss: 1.584 | Acc: 30.909% (17/55)
batch 55 of total batch 200 Loss: 1.585 | Acc: 30.357% (17/56)
batch 56 of total batch 200 Loss: 1.584 | Acc: 29.825% (17/57)
batch 57 of total batch 200 Loss: 1.581 | Acc: 29.310% (17/58)
batch 58 of total batch 200 Loss: 1.576 | Acc: 28.814% (17/59)
batch 59 of total batch 200 Loss: 1.590 | Acc: 28.333% (17/60)
batch 60 of total batch 200 Loss: 1.582 | Acc: 27.869% (17/61)
batch 61 of total batch 200 Loss: 1.574 | Acc: 27.419% (17/62)
batch 62 of total batch 200 Loss: 1.563 | Acc: 28.571% (18/63)
batch 63 of total batch 200 Loss: 1.550 | Acc: 29.688% (19/64)
batch 64 of total batch 200 Loss: 1.534 | Acc: 30.769% (20/65)
batch 65 of total batch 200 Loss: 1.539 | Acc: 30.303% (20/66)
batch 66 of total batch 200 Loss: 1.544 | Acc: 29.851% (20/67)
batch 67 of total batch 200 Loss: 1.543 | Acc: 29.412% (20/68)
batch 68 of total batch 200 Loss: 1.531 | Acc: 30.435% (21/69)
batch 69 of total batch 200 Loss: 1.517 | Acc: 31.429% (22/70)
batch 70 of total batch 200 Loss: 1.499 | Acc: 32.394% (23/71)
batch 71 of total batch 200 Loss: 1.511 | Acc: 31.944% (23/72)
batch 72 of total batch 200 Loss: 1.524 | Acc: 31.507% (23/73)
batch 73 of total batch 200 Loss: 1.506 | Acc: 32.432% (24/74)
batch 74 of total batch 200 Loss: 1.546 | Acc: 32.000% (24/75)
batch 75 of total batch 200 Loss: 1.532 | Acc: 32.895% (25/76)
batch 76 of total batch 200 Loss: 1.526 | Acc: 32.468% (25/77)
batch 77 of total batch 200 Loss: 1.519 | Acc: 32.051% (25/78)
batch 78 of total batch 200 Loss: 1.525 | Acc: 31.646% (25/79)
batch 79 of total batch 200 Loss: 1.523 | Acc: 31.250% (25/80)
batch 80 of total batch 200 Loss: 1.523 | Acc: 30.864% (25/81)
batch 81 of total batch 200 Loss: 1.520 | Acc: 31.707% (26/82)
batch 82 of total batch 200 Loss: 1.521 | Acc: 31.325% (26/83)
batch 83 of total batch 200 Loss: 1.521 | Acc: 30.952% (26/84)
batch 84 of total batch 200 Loss: 1.522 | Acc: 30.588% (26/85)
batch 85 of total batch 200 Loss: 1.517 | Acc: 31.395% (27/86)
batch 86 of total batch 200 Loss: 1.510 | Acc: 32.184% (28/87)
batch 87 of total batch 200 Loss: 1.512 | Acc: 31.818% (28/88)
batch 88 of total batch 200 Loss: 1.514 | Acc: 31.461% (28/89)
batch 89 of total batch 200 Loss: 1.505 | Acc: 32.222% (29/90)
batch 90 of total batch 200 Loss: 1.506 | Acc: 31.868% (29/91)
batch 91 of total batch 200 Loss: 1.496 | Acc: 32.609% (30/92)
batch 92 of total batch 200 Loss: 1.494 | Acc: 32.258% (30/93)
batch 93 of total batch 200 Loss: 1.500 | Acc: 31.915% (30/94)
batch 94 of total batch 200 Loss: 1.493 | Acc: 32.632% (31/95)
batch 95 of total batch 200 Loss: 1.482 | Acc: 33.333% (32/96)
batch 96 of total batch 200 Loss: 1.489 | Acc: 32.990% (32/97)
batch 97 of total batch 200 Loss: 1.528 | Acc: 32.653% (32/98)
batch 98 of total batch 200 Loss: 1.536 | Acc: 32.323% (32/99)
batch 99 of total batch 200 Loss: 1.527 | Acc: 33.000% (33/100)
batch 100 of total batch 200 Loss: 1.530 | Acc: 32.673% (33/101)
batch 101 of total batch 200 Loss: 1.532 | Acc: 32.353% (33/102)
batch 102 of total batch 200 Loss: 1.532 | Acc: 32.039% (33/103)
batch 103 of total batch 200 Loss: 1.532 | Acc: 31.731% (33/104)
batch 104 of total batch 200 Loss: 1.532 | Acc: 31.429% (33/105)
batch 105 of total batch 200 Loss: 1.532 | Acc: 32.075% (34/106)
batch 106 of total batch 200 Loss: 1.531 | Acc: 32.710% (35/107)
batch 107 of total batch 200 Loss: 1.531 | Acc: 32.407% (35/108)
batch 108 of total batch 200 Loss: 1.530 | Acc: 32.110% (35/109)
batch 109 of total batch 200 Loss: 1.529 | Acc: 31.818% (35/110)
batch 110 of total batch 200 Loss: 1.526 | Acc: 32.432% (36/111)
batch 111 of total batch 200 Loss: 1.527 | Acc: 32.143% (36/112)
batch 112 of total batch 200 Loss: 1.524 | Acc: 31.858% (36/113)
batch 113 of total batch 200 Loss: 1.520 | Acc: 32.456% (37/114)
batch 114 of total batch 200 Loss: 1.518 | Acc: 32.174% (37/115)
batch 115 of total batch 200 Loss: 1.511 | Acc: 32.759% (38/116)
batch 116 of total batch 200 Loss: 1.510 | Acc: 32.479% (38/117)
batch 117 of total batch 200 Loss: 1.501 | Acc: 33.051% (39/118)
batch 118 of total batch 200 Loss: 1.492 | Acc: 33.613% (40/119)
batch 119 of total batch 200 Loss: 1.482 | Acc: 34.167% (41/120)
batch 120 of total batch 200 Loss: 1.521 | Acc: 33.884% (41/121)
batch 121 of total batch 200 Loss: 1.526 | Acc: 33.607% (41/122)
batch 122 of total batch 200 Loss: 1.516 | Acc: 34.146% (42/123)
batch 123 of total batch 200 Loss: 1.533 | Acc: 33.871% (42/124)
batch 124 of total batch 200 Loss: 1.527 | Acc: 34.400% (43/125)
batch 125 of total batch 200 Loss: 1.522 | Acc: 34.921% (44/126)
batch 126 of total batch 200 Loss: 1.519 | Acc: 34.646% (44/127)
batch 127 of total batch 200 Loss: 1.516 | Acc: 34.375% (44/128)
batch 128 of total batch 200 Loss: 1.512 | Acc: 34.884% (45/129)
batch 129 of total batch 200 Loss: 1.514 | Acc: 34.615% (45/130)
batch 130 of total batch 200 Loss: 1.514 | Acc: 34.351% (45/131)
batch 131 of total batch 200 Loss: 1.516 | Acc: 34.091% (45/132)
batch 132 of total batch 200 Loss: 1.517 | Acc: 33.835% (45/133)
batch 133 of total batch 200 Loss: 1.518 | Acc: 33.582% (45/134)
batch 134 of total batch 200 Loss: 1.515 | Acc: 34.074% (46/135)
batch 135 of total batch 200 Loss: 1.513 | Acc: 34.559% (47/136)
batch 136 of total batch 200 Loss: 1.514 | Acc: 34.307% (47/137)
batch 137 of total batch 200 Loss: 1.514 | Acc: 34.058% (47/138)
batch 138 of total batch 200 Loss: 1.514 | Acc: 33.813% (47/139)
batch 139 of total batch 200 Loss: 1.511 | Acc: 34.286% (48/140)
batch 140 of total batch 200 Loss: 1.508 | Acc: 34.752% (49/141)
batch 141 of total batch 200 Loss: 1.504 | Acc: 35.211% (50/142)
batch 142 of total batch 200 Loss: 1.503 | Acc: 34.965% (50/143)
batch 143 of total batch 200 Loss: 1.497 | Acc: 35.417% (51/144)
batch 144 of total batch 200 Loss: 1.491 | Acc: 35.862% (52/145)
batch 145 of total batch 200 Loss: 1.484 | Acc: 36.301% (53/146)
batch 146 of total batch 200 Loss: 1.500 | Acc: 36.054% (53/147)
batch 147 of total batch 200 Loss: 1.492 | Acc: 36.486% (54/148)
batch 148 of total batch 200 Loss: 1.483 | Acc: 36.913% (55/149)
batch 149 of total batch 200 Loss: 1.490 | Acc: 36.667% (55/150)
batch 150 of total batch 200 Loss: 1.495 | Acc: 36.424% (55/151)
batch 151 of total batch 200 Loss: 1.505 | Acc: 36.184% (55/152)
batch 152 of total batch 200 Loss: 1.501 | Acc: 35.948% (55/153)
batch 153 of total batch 200 Loss: 1.500 | Acc: 35.714% (55/154)
batch 154 of total batch 200 Loss: 1.494 | Acc: 36.129% (56/155)
batch 155 of total batch 200 Loss: 1.489 | Acc: 36.538% (57/156)
batch 156 of total batch 200 Loss: 1.497 | Acc: 36.306% (57/157)
batch 157 of total batch 200 Loss: 1.491 | Acc: 36.709% (58/158)
batch 158 of total batch 200 Loss: 1.487 | Acc: 37.107% (59/159)
batch 159 of total batch 200 Loss: 1.491 | Acc: 36.875% (59/160)
batch 160 of total batch 200 Loss: 1.487 | Acc: 37.267% (60/161)
batch 161 of total batch 200 Loss: 1.488 | Acc: 37.037% (60/162)
