sucessfully load word dictionary with shape24589
sucessfully load word dictionary with shape24589
==> Loading Network structure..

==> Loading cuda...


Epoch: 0
batch 0 of total batch 200 Loss: 1.703 | Acc: 0.000% (0/1)
batch 1 of total batch 200 Loss: 0.852 | Acc: 50.000% (1/2)
batch 2 of total batch 200 Loss: 0.568 | Acc: 66.667% (2/3)
batch 3 of total batch 200 Loss: 275.976 | Acc: 50.000% (2/4)
batch 4 of total batch 200 Loss: 220.780 | Acc: 60.000% (3/5)
batch 5 of total batch 200 Loss: 6822.247 | Acc: 50.000% (3/6)
batch 6 of total batch 200 Loss: 34668.653 | Acc: 42.857% (3/7)
batch 7 of total batch 200 Loss: 38353.608 | Acc: 37.500% (3/8)
batch 8 of total batch 200 Loss: 490101.596 | Acc: 33.333% (3/9)
batch 9 of total batch 200 Loss: 11526234.636 | Acc: 30.000% (3/10)
batch 10 of total batch 200 Loss: 10478395.124 | Acc: 36.364% (4/11)
batch 11 of total batch 200 Loss: 9605195.530 | Acc: 41.667% (5/12)
batch 12 of total batch 200 Loss: 56242925.105 | Acc: 38.462% (5/13)
batch 13 of total batch 200 Loss: 52225573.312 | Acc: 42.857% (6/14)
batch 14 of total batch 200 Loss: 1336475353464.157 | Acc: 40.000% (6/15)
batch 15 of total batch 200 Loss: 1252945643872.648 | Acc: 43.750% (7/16)
batch 16 of total batch 200 Loss: 2435773168068.374 | Acc: 41.176% (7/17)
batch 17 of total batch 200 Loss: 816071186887424.500 | Acc: 38.889% (7/18)
batch 18 of total batch 200 Loss: 773120071788086.375 | Acc: 42.105% (8/19)
batch 19 of total batch 200 Loss: 123348413641092576.000 | Acc: 40.000% (8/20)
batch 20 of total batch 200 Loss: 1669032711577455104.000 | Acc: 38.095% (8/21)
batch 21 of total batch 200 Loss: 51000905257127567360.000 | Acc: 36.364% (8/22)
batch 22 of total batch 200 Loss: 14414326404244291190784.000 | Acc: 34.783% (8/23)
batch 23 of total batch 200 Loss: nan | Acc: 33.333% (8/24)
batch 24 of total batch 200 Loss: nan | Acc: 36.000% (9/25)
batch 25 of total batch 200 Loss: nan | Acc: 34.615% (9/26)
batch 26 of total batch 200 Loss: nan | Acc: 33.333% (9/27)
batch 27 of total batch 200 Loss: nan | Acc: 32.143% (9/28)
batch 28 of total batch 200 Loss: nan | Acc: 31.034% (9/29)
batch 29 of total batch 200 Loss: nan | Acc: 30.000% (9/30)
batch 30 of total batch 200 Loss: nan | Acc: 29.032% (9/31)
batch 31 of total batch 200 Loss: nan | Acc: 28.125% (9/32)
batch 32 of total batch 200 Loss: nan | Acc: 27.273% (9/33)
batch 33 of total batch 200 Loss: nan | Acc: 26.471% (9/34)
batch 34 of total batch 200 Loss: nan | Acc: 25.714% (9/35)
batch 35 of total batch 200 Loss: nan | Acc: 27.778% (10/36)
batch 36 of total batch 200 Loss: nan | Acc: 27.027% (10/37)
batch 37 of total batch 200 Loss: nan | Acc: 28.947% (11/38)
batch 38 of total batch 200 Loss: nan | Acc: 28.205% (11/39)
batch 39 of total batch 200 Loss: nan | Acc: 27.500% (11/40)
batch 40 of total batch 200 Loss: nan | Acc: 26.829% (11/41)
batch 41 of total batch 200 Loss: nan | Acc: 26.190% (11/42)
batch 42 of total batch 200 Loss: nan | Acc: 25.581% (11/43)
batch 43 of total batch 200 Loss: nan | Acc: 27.273% (12/44)
batch 44 of total batch 200 Loss: nan | Acc: 26.667% (12/45)
batch 45 of total batch 200 Loss: nan | Acc: 26.087% (12/46)
batch 46 of total batch 200 Loss: nan | Acc: 25.532% (12/47)
batch 47 of total batch 200 Loss: nan | Acc: 25.000% (12/48)
batch 48 of total batch 200 Loss: nan | Acc: 24.490% (12/49)
batch 49 of total batch 200 Loss: nan | Acc: 24.000% (12/50)
batch 50 of total batch 200 Loss: nan | Acc: 23.529% (12/51)
batch 51 of total batch 200 Loss: nan | Acc: 23.077% (12/52)
batch 52 of total batch 200 Loss: nan | Acc: 22.642% (12/53)
batch 53 of total batch 200 Loss: nan | Acc: 22.222% (12/54)
batch 54 of total batch 200 Loss: nan | Acc: 21.818% (12/55)
batch 55 of total batch 200 Loss: nan | Acc: 21.429% (12/56)
batch 56 of total batch 200 Loss: nan | Acc: 21.053% (12/57)
batch 57 of total batch 200 Loss: nan | Acc: 20.690% (12/58)
batch 58 of total batch 200 Loss: nan | Acc: 20.339% (12/59)
batch 59 of total batch 200 Loss: nan | Acc: 20.000% (12/60)
batch 60 of total batch 200 Loss: nan | Acc: 19.672% (12/61)
batch 61 of total batch 200 Loss: nan | Acc: 19.355% (12/62)
batch 62 of total batch 200 Loss: nan | Acc: 20.635% (13/63)
batch 63 of total batch 200 Loss: nan | Acc: 21.875% (14/64)
batch 64 of total batch 200 Loss: nan | Acc: 21.538% (14/65)
batch 65 of total batch 200 Loss: nan | Acc: 21.212% (14/66)
batch 66 of total batch 200 Loss: nan | Acc: 20.896% (14/67)
batch 67 of total batch 200 Loss: nan | Acc: 20.588% (14/68)
batch 68 of total batch 200 Loss: nan | Acc: 20.290% (14/69)
batch 69 of total batch 200 Loss: nan | Acc: 20.000% (14/70)
batch 70 of total batch 200 Loss: nan | Acc: 19.718% (14/71)
batch 71 of total batch 200 Loss: nan | Acc: 19.444% (14/72)
batch 72 of total batch 200 Loss: nan | Acc: 20.548% (15/73)
batch 73 of total batch 200 Loss: nan | Acc: 20.270% (15/74)
batch 74 of total batch 200 Loss: nan | Acc: 20.000% (15/75)
batch 75 of total batch 200 Loss: nan | Acc: 19.737% (15/76)
batch 76 of total batch 200 Loss: nan | Acc: 19.481% (15/77)
batch 77 of total batch 200 Loss: nan | Acc: 19.231% (15/78)
batch 78 of total batch 200 Loss: nan | Acc: 18.987% (15/79)
batch 79 of total batch 200 Loss: nan | Acc: 18.750% (15/80)
batch 80 of total batch 200 Loss: nan | Acc: 18.519% (15/81)
batch 81 of total batch 200 Loss: nan | Acc: 18.293% (15/82)
batch 82 of total batch 200 Loss: nan | Acc: 18.072% (15/83)
batch 83 of total batch 200 Loss: nan | Acc: 17.857% (15/84)
batch 84 of total batch 200 Loss: nan | Acc: 18.824% (16/85)
batch 85 of total batch 200 Loss: nan | Acc: 18.605% (16/86)
batch 86 of total batch 200 Loss: nan | Acc: 18.391% (16/87)
batch 87 of total batch 200 Loss: nan | Acc: 18.182% (16/88)
batch 88 of total batch 200 Loss: nan | Acc: 17.978% (16/89)
batch 89 of total batch 200 Loss: nan | Acc: 17.778% (16/90)
batch 90 of total batch 200 Loss: nan | Acc: 17.582% (16/91)
batch 91 of total batch 200 Loss: nan | Acc: 17.391% (16/92)
batch 92 of total batch 200 Loss: nan | Acc: 18.280% (17/93)
batch 93 of total batch 200 Loss: nan | Acc: 18.085% (17/94)
batch 94 of total batch 200 Loss: nan | Acc: 17.895% (17/95)
batch 95 of total batch 200 Loss: nan | Acc: 17.708% (17/96)
batch 96 of total batch 200 Loss: nan | Acc: 17.526% (17/97)
batch 97 of total batch 200 Loss: nan | Acc: 17.347% (17/98)
batch 98 of total batch 200 Loss: nan | Acc: 17.172% (17/99)
batch 99 of total batch 200 Loss: nan | Acc: 17.000% (17/100)
batch 100 of total batch 200 Loss: nan | Acc: 16.832% (17/101)
batch 101 of total batch 200 Loss: nan | Acc: 16.667% (17/102)
batch 102 of total batch 200 Loss: nan | Acc: 16.505% (17/103)
batch 103 of total batch 200 Loss: nan | Acc: 16.346% (17/104)
batch 104 of total batch 200 Loss: nan | Acc: 16.190% (17/105)
batch 105 of total batch 200 Loss: nan | Acc: 16.038% (17/106)
batch 106 of total batch 200 Loss: nan | Acc: 15.888% (17/107)
batch 107 of total batch 200 Loss: nan | Acc: 15.741% (17/108)
batch 108 of total batch 200 Loss: nan | Acc: 15.596% (17/109)
batch 109 of total batch 200 Loss: nan | Acc: 15.455% (17/110)
batch 110 of total batch 200 Loss: nan | Acc: 15.315% (17/111)
batch 111 of total batch 200 Loss: nan | Acc: 15.179% (17/112)
batch 112 of total batch 200 Loss: nan | Acc: 15.044% (17/113)
batch 113 of total batch 200 Loss: nan | Acc: 14.912% (17/114)
batch 114 of total batch 200 Loss: nan | Acc: 14.783% (17/115)
batch 115 of total batch 200 Loss: nan | Acc: 14.655% (17/116)
batch 116 of total batch 200 Loss: nan | Acc: 14.530% (17/117)
batch 117 of total batch 200 Loss: nan | Acc: 14.407% (17/118)
batch 118 of total batch 200 Loss: nan | Acc: 14.286% (17/119)
batch 119 of total batch 200 Loss: nan | Acc: 14.167% (17/120)
batch 120 of total batch 200 Loss: nan | Acc: 14.050% (17/121)
batch 121 of total batch 200 Loss: nan | Acc: 13.934% (17/122)
batch 122 of total batch 200 Loss: nan | Acc: 13.821% (17/123)
batch 123 of total batch 200 Loss: nan | Acc: 13.710% (17/124)
batch 124 of total batch 200 Loss: nan | Acc: 13.600% (17/125)
batch 125 of total batch 200 Loss: nan | Acc: 13.492% (17/126)
batch 126 of total batch 200 Loss: nan | Acc: 13.386% (17/127)
batch 127 of total batch 200 Loss: nan | Acc: 13.281% (17/128)
batch 128 of total batch 200 Loss: nan | Acc: 13.178% (17/129)
batch 129 of total batch 200 Loss: nan | Acc: 13.077% (17/130)
batch 130 of total batch 200 Loss: nan | Acc: 12.977% (17/131)
batch 131 of total batch 200 Loss: nan | Acc: 12.879% (17/132)
batch 132 of total batch 200 Loss: nan | Acc: 12.782% (17/133)
batch 133 of total batch 200 Loss: nan | Acc: 12.687% (17/134)
batch 134 of total batch 200 Loss: nan | Acc: 12.593% (17/135)
batch 135 of total batch 200 Loss: nan | Acc: 12.500% (17/136)
batch 136 of total batch 200 Loss: nan | Acc: 13.139% (18/137)
batch 137 of total batch 200 Loss: nan | Acc: 13.043% (18/138)
batch 138 of total batch 200 Loss: nan | Acc: 12.950% (18/139)
batch 139 of total batch 200 Loss: nan | Acc: 12.857% (18/140)
batch 140 of total batch 200 Loss: nan | Acc: 12.766% (18/141)
batch 141 of total batch 200 Loss: nan | Acc: 12.676% (18/142)
batch 142 of total batch 200 Loss: nan | Acc: 12.587% (18/143)
batch 143 of total batch 200 Loss: nan | Acc: 13.194% (19/144)
batch 144 of total batch 200 Loss: nan | Acc: 13.103% (19/145)
batch 145 of total batch 200 Loss: nan | Acc: 13.014% (19/146)
batch 146 of total batch 200 Loss: nan | Acc: 12.925% (19/147)
batch 147 of total batch 200 Loss: nan | Acc: 12.838% (19/148)
batch 148 of total batch 200 Loss: nan | Acc: 12.752% (19/149)
batch 149 of total batch 200 Loss: nan | Acc: 12.667% (19/150)
batch 150 of total batch 200 Loss: nan | Acc: 12.583% (19/151)
batch 151 of total batch 200 Loss: nan | Acc: 12.500% (19/152)
batch 152 of total batch 200 Loss: nan | Acc: 12.418% (19/153)
batch 153 of total batch 200 Loss: nan | Acc: 12.338% (19/154)
batch 154 of total batch 200 Loss: nan | Acc: 12.258% (19/155)
batch 155 of total batch 200 Loss: nan | Acc: 12.179% (19/156)
batch 156 of total batch 200 Loss: nan | Acc: 12.739% (20/157)
batch 157 of total batch 200 Loss: nan | Acc: 12.658% (20/158)
batch 158 of total batch 200 Loss: nan | Acc: 12.579% (20/159)
batch 159 of total batch 200 Loss: nan | Acc: 12.500% (20/160)
batch 160 of total batch 200 Loss: nan | Acc: 12.422% (20/161)
batch 161 of total batch 200 Loss: nan | Acc: 12.346% (20/162)
batch 162 of total batch 200 Loss: nan | Acc: 12.270% (20/163)
batch 163 of total batch 200 Loss: nan | Acc: 12.195% (20/164)
batch 164 of total batch 200 Loss: nan | Acc: 12.121% (20/165)
batch 165 of total batch 200 Loss: nan | Acc: 12.048% (20/166)
batch 166 of total batch 200 Loss: nan | Acc: 11.976% (20/167)
batch 167 of total batch 200 Loss: nan | Acc: 12.500% (21/168)
batch 168 of total batch 200 Loss: nan | Acc: 12.426% (21/169)
batch 169 of total batch 200 Loss: nan | Acc: 12.353% (21/170)
batch 170 of total batch 200 Loss: nan | Acc: 12.281% (21/171)
batch 171 of total batch 200 Loss: nan | Acc: 12.209% (21/172)
batch 172 of total batch 200 Loss: nan | Acc: 12.139% (21/173)
batch 173 of total batch 200 Loss: nan | Acc: 12.069% (21/174)
batch 174 of total batch 200 Loss: nan | Acc: 12.571% (22/175)
batch 175 of total batch 200 Loss: nan | Acc: 12.500% (22/176)
batch 176 of total batch 200 Loss: nan | Acc: 12.429% (22/177)
batch 177 of total batch 200 Loss: nan | Acc: 12.360% (22/178)
batch 178 of total batch 200 Loss: nan | Acc: 12.291% (22/179)
batch 179 of total batch 200 Loss: nan | Acc: 12.222% (22/180)
batch 180 of total batch 200 Loss: nan | Acc: 12.155% (22/181)
batch 181 of total batch 200 Loss: nan | Acc: 12.088% (22/182)
batch 182 of total batch 200 Loss: nan | Acc: 12.022% (22/183)
batch 183 of total batch 200 Loss: nan | Acc: 11.957% (22/184)
batch 184 of total batch 200 Loss: nan | Acc: 11.892% (22/185)
batch 185 of total batch 200 Loss: nan | Acc: 11.828% (22/186)
batch 186 of total batch 200 Loss: nan | Acc: 11.765% (22/187)
batch 187 of total batch 200 Loss: nan | Acc: 11.702% (22/188)
batch 188 of total batch 200 Loss: nan | Acc: 11.640% (22/189)
batch 189 of total batch 200 Loss: nan | Acc: 11.579% (22/190)
batch 190 of total batch 200 Loss: nan | Acc: 11.518% (22/191)
batch 191 of total batch 200 Loss: nan | Acc: 11.458% (22/192)
batch 192 of total batch 200 Loss: nan | Acc: 11.399% (22/193)
batch 193 of total batch 200 Loss: nan | Acc: 11.340% (22/194)
batch 194 of total batch 200 Loss: nan | Acc: 11.282% (22/195)
batch 195 of total batch 200 Loss: nan | Acc: 11.224% (22/196)
batch 196 of total batch 200 Loss: nan | Acc: 11.168% (22/197)
batch 197 of total batch 200 Loss: nan | Acc: 11.111% (22/198)
batch 198 of total batch 200 Loss: nan | Acc: 11.055% (22/199)
batch 199 of total batch 200 Loss: nan | Acc: 11.000% (22/200)
trainloss:nan,accuracy:11.0,time_used:12613.66960978508
Traceback (most recent call last):
  File "train_cls_txtcnn.py", line 142, in <module>
    trainnp=np.vstack((trainnp,np.array(nd)))
NameError: name 'trainnp' is not defined
